<?xml version="1.0" encoding="utf-8"?><testsuites name="pytest tests"><testsuite name="pytest" errors="0" failures="0" skipped="46" tests="4016" time="282.189" timestamp="2026-09-23T09:33:27.388928+05:30" hostname="DESKTOP-IHDG958"><testcase classname="tests.contract.test_provider_contract.TestHetznerContract" name="test_list_locations_returns_non_empty_list" time="0.002"><skipped type="pytest.skip" message="HETZNER_TEST_TOKEN environment variable not set">C:\Users\Hamed\Documents\Python\cloud-server-platform\src\cloud_platform\providers\contract.py:80: HETZNER_TEST_TOKEN environment variable not set</skipped></testcase><testcase classname="tests.contract.test_provider_contract.TestHetznerContract" name="test_list_plans_returns_non_empty_list" time="0.001"><skipped type="pytest.skip" message="HETZNER_TEST_TOKEN environment variable not set">C:\Users\Hamed\Documents\Python\cloud-server-platform\src\cloud_platform\providers\contract.py:92: HETZNER_TEST_TOKEN environment variable not set</skipped></testcase><testcase classname="tests.contract.test_provider_contract.TestHetznerContract" name="test_list_images_returns_system_images" time="0.001"><skipped type="pytest.skip" message="HETZNER_TEST_TOKEN environment variable not set">C:\Users\Hamed\Documents\Python\cloud-server-platform\src\cloud_platform\providers\contract.py:107: HETZNER_TEST_TOKEN environment variable not set</skipped></testcase><testcase classname="tests.contract.test_provider_contract.TestHetznerContract" name="test_get_server_existing_returns_server" time="0.000"><skipped type="pytest.skip" message="HETZNER_TEST_TOKEN environment variable not set">C:\Users\Hamed\Documents\Python\cloud-server-platform\src\cloud_platform\providers\contract.py:121: HETZNER_TEST_TOKEN environment variable not set</skipped></testcase><testcase classname="tests.contract.test_provider_contract.TestHetznerContract" name="test_create_server_requires_valid_inputs" time="0.000"><skipped type="pytest.skip" message="HETZNER_TEST_TOKEN environment variable not set">C:\Users\Hamed\Documents\Python\cloud-server-platform\src\cloud_platform\providers\contract.py:134: HETZNER_TEST_TOKEN environment variable not set</skipped></testcase><testcase classname="tests.contract.test_provider_contract.TestHetznerContract" name="test_capabilities_include_compute" time="0.000"><skipped type="pytest.skip" message="HETZNER_TEST_TOKEN environment variable not set">C:\Users\Hamed\Documents\Python\cloud-server-platform\src\cloud_platform\providers\contract.py:162: HETZNER_TEST_TOKEN environment variable not set</skipped></testcase><testcase classname="tests.contract.test_provider_contract.TestHetznerContract" name="test_capabilities_match_implemented_methods" time="0.000"><skipped type="pytest.skip" message="HETZNER_TEST_TOKEN environment variable not set">C:\Users\Hamed\Documents\Python\cloud-server-platform\src\cloud_platform\providers\contract.py:169: HETZNER_TEST_TOKEN environment variable not set</skipped></testcase><testcase classname="tests.contract.test_provider_contract.TestHetznerContract" name="test_error_types_are_provider_errors" time="0.001"><skipped type="pytest.skip" message="HETZNER_TEST_TOKEN environment variable not set">C:\Users\Hamed\Documents\Python\cloud-server-platform\src\cloud_platform\providers\contract.py:189: HETZNER_TEST_TOKEN environment variable not set</skipped></testcase><testcase classname="tests.contract.test_provider_contract.TestHetznerContract" name="test_idempotency_key_validation" time="0.001"><skipped type="pytest.skip" message="HETZNER_TEST_TOKEN environment variable not set">C:\Users\Hamed\Documents\Python\cloud-server-platform\src\cloud_platform\providers\contract.py:208: HETZNER_TEST_TOKEN environment variable not set</skipped></testcase><testcase classname="tests.contract.test_provider_contract" name="test_hetzner_capabilities" time="0.001"><skipped type="pytest.skip" message="HETZNER_TEST_TOKEN environment variable not set">C:\Users\Hamed\Documents\Python\cloud-server-platform-starter\tests\contract\test_provider_contract.py:57: HETZNER_TEST_TOKEN environment variable not set</skipped></testcase><testcase classname="tests.contract.test_provider_contract" name="test_hetzner_error_mapping" time="0.001"><skipped type="pytest.skip" message="HETZNER_TEST_TOKEN environment variable not set">C:\Users\Hamed\Documents\Python\cloud-server-platform-starter\tests\contract\test_provider_contract.py:78: HETZNER_TEST_TOKEN environment variable not set</skipped></testcase><testcase classname="tests.live.test_leaseweb_live_readonly.TestLiveReadOnly" name="test_authentication_and_vps_inventory" time="0.001"><skipped type="pytest.skip" message="live Leaseweb tests require LEASEWEB_LIVE_TESTS=true and LEASEWEB_API_KEY">C:\Users\Hamed\Documents\Python\cloud-server-platform\tests\live\test_leaseweb_live_readonly.py:68: live Leaseweb tests require LEASEWEB_LIVE_TESTS=true and LEASEWEB_API_KEY</skipped></testcase><testcase classname="tests.live.test_leaseweb_live_readonly.TestLiveReadOnly" name="test_vps_detail_ips_and_monitoring" time="0.001"><skipped type="pytest.skip" message="live Leaseweb tests require LEASEWEB_LIVE_TESTS=true and LEASEWEB_API_KEY">C:\Users\Hamed\Documents\Python\cloud-server-platform\tests\live\test_leaseweb_live_readonly.py:80: live Leaseweb tests require LEASEWEB_LIVE_TESTS=true and LEASEWEB_API_KEY</skipped></testcase><testcase classname="tests.live.test_leaseweb_live_readonly.TestLiveReadOnly" name="test_data_traffic_metrics" time="0.001"><skipped type="pytest.skip" message="live Leaseweb tests require LEASEWEB_LIVE_TESTS=true and LEASEWEB_API_KEY">C:\Users\Hamed\Documents\Python\cloud-server-platform\tests\live\test_leaseweb_live_readonly.py:99: live Leaseweb tests require LEASEWEB_LIVE_TESTS=true and LEASEWEB_API_KEY</skipped></testcase><testcase classname="tests.live.test_leaseweb_live_readonly.TestLiveReadOnly" name="test_iso_catalogue" time="0.001"><skipped type="pytest.skip" message="live Leaseweb tests require LEASEWEB_LIVE_TESTS=true and LEASEWEB_API_KEY">C:\Users\Hamed\Documents\Python\cloud-server-platform\tests\live\test_leaseweb_live_readonly.py:117: live Leaseweb tests require LEASEWEB_LIVE_TESTS=true and LEASEWEB_API_KEY</skipped></testcase><testcase classname="tests.live.test_leaseweb_live_readonly.TestLiveReadOnly" name="test_ordering_catalogue_is_readable_and_priced" time="0.001"><skipped type="pytest.skip" message="live Leaseweb tests require LEASEWEB_LIVE_TESTS=true and LEASEWEB_API_KEY">C:\Users\Hamed\Documents\Python\cloud-server-platform\tests\live\test_leaseweb_live_readonly.py:126: live Leaseweb tests require LEASEWEB_LIVE_TESTS=true and LEASEWEB_API_KEY</skipped></testcase><testcase classname="tests.live.test_leaseweb_live_readonly.TestLiveReadOnly" name="test_unscoped_ordering_catalogue_shape" time="0.000"><skipped type="pytest.skip" message="live Leaseweb tests require LEASEWEB_LIVE_TESTS=true and LEASEWEB_API_KEY">C:\Users\Hamed\Documents\Python\cloud-server-platform\tests\live\test_leaseweb_live_readonly.py:139: live Leaseweb tests require LEASEWEB_LIVE_TESTS=true and LEASEWEB_API_KEY</skipped></testcase><testcase classname="tests.live.test_leaseweb_live_readonly.TestLiveReadOnly" name="test_account_orders_are_readable" time="0.001"><skipped type="pytest.skip" message="live Leaseweb tests require LEASEWEB_LIVE_TESTS=true and LEASEWEB_API_KEY">C:\Users\Hamed\Documents\Python\cloud-server-platform\tests\live\test_leaseweb_live_readonly.py:157: live Leaseweb tests require LEASEWEB_LIVE_TESTS=true and LEASEWEB_API_KEY</skipped></testcase><testcase classname="tests.live.test_leaseweb_live_readonly.TestLiveSuiteGuardRails" name="test_no_mutating_helper_exists_in_this_module" time="0.003" /><testcase classname="tests.live.test_leaseweb_live_readonly" name="test_live_suite_never_uses_a_private_key_or_password" time="0.001" /><testcase classname="tests.live.test_leaseweb_live_readonly" name="test_httpx_is_available_for_the_live_suite" time="0.001" /><testcase classname="tests.unit.test_abuse_domain.TestResourceRef" name="test_empty_provider_key_rejected" time="0.002" /><testcase classname="tests.unit.test_abuse_domain.TestResourceRef" name="test_empty_resource_id_rejected" time="0.001" /><testcase classname="tests.unit.test_abuse_domain.TestResourceRef" name="test_resource_types" time="0.001" /><testcase classname="tests.unit.test_abuse_domain.TestCaseValidation" name="test_empty_reason_rejected" time="0.001" /><testcase classname="tests.unit.test_abuse_domain.TestCaseValidation" name="test_empty_reporter_rejected" time="0.001" /><testcase classname="tests.unit.test_abuse_domain.TestCaseValidation" name="test_defaults_to_open" time="0.001" /><testcase classname="tests.unit.test_abuse_domain.TestStateMachine" name="test_open_to_investigating" time="0.001" /><testcase classname="tests.unit.test_abuse_domain.TestStateMachine" name="test_open_to_dismissed" time="0.001" /><testcase classname="tests.unit.test_abuse_domain.TestStateMachine" name="test_investigating_to_resolved" time="0.001" /><testcase classname="tests.unit.test_abuse_domain.TestStateMachine" name="test_open_cannot_skip_to_resolved" time="0.001" /><testcase classname="tests.unit.test_abuse_domain.TestStateMachine" name="test_terminal_states_reject_all_moves" time="0.001" /><testcase classname="tests.unit.test_abuse_domain.TestStateMachine" name="test_original_case_unchanged_after_transition" time="0.001" /><testcase classname="tests.unit.test_abuse_domain.TestStateMachine" name="test_mapping_fields_survive_transition" time="0.001" /><testcase classname="tests.unit.test_abuse_repository.TestOwnershipResolver" name="test_resolves_server_by_provider_server_id" time="0.067" /><testcase classname="tests.unit.test_abuse_repository.TestOwnershipResolver" name="test_resolves_by_ipv4" time="0.008" /><testcase classname="tests.unit.test_abuse_repository.TestOwnershipResolver" name="test_unknown_provider_returns_none" time="0.004" /><testcase classname="tests.unit.test_abuse_repository.TestOwnershipResolver" name="test_unmanaged_resource_returns_none" time="0.006" /><testcase classname="tests.unit.test_abuse_repository.TestAbuseCaseRepository" name="test_create_commits_and_returns_persisted" time="0.008" /><testcase classname="tests.unit.test_abuse_repository.TestAbuseCaseRepository" name="test_get_returns_none_when_missing" time="0.007" /><testcase classname="tests.unit.test_abuse_repository.TestAbuseCaseRepository" name="test_get_by_user_maps_rows" time="0.009" /><testcase classname="tests.unit.test_abuse_repository.TestAbuseCaseRepository" name="test_list_open_selects_open_and_investigating" time="0.008" /><testcase classname="tests.unit.test_abuse_repository.TestAbuseCaseRepository" name="test_save_updates_status_and_resolved_at" time="0.007" /><testcase classname="tests.unit.test_abuse_repository.TestAbuseCaseRepository" name="test_save_missing_raises_lookup_error" time="0.005" /><testcase classname="tests.unit.test_abuse_service.TestIntake" name="test_external_report_maps_user_and_audits" time="0.028" /><testcase classname="tests.unit.test_abuse_service.TestIntake" name="test_admin_report_audits_admin_actor" time="0.005" /><testcase classname="tests.unit.test_abuse_service.TestIntake" name="test_non_admin_cannot_report" time="0.026" /><testcase classname="tests.unit.test_abuse_service.TestIntake" name="test_unmanaged_resource_raises_without_persistence" time="0.007" /><testcase classname="tests.unit.test_abuse_service.TestIntake" name="test_empty_reason_rejected_by_domain" time="0.006" /><testcase classname="tests.unit.test_abuse_service.TestTransition" name="test_valid_transition_audits_and_persists" time="0.005" /><testcase classname="tests.unit.test_abuse_service.TestTransition" name="test_invalid_transition_raises_without_persistence" time="0.006" /><testcase classname="tests.unit.test_abuse_service.TestTransition" name="test_missing_case_raises_lookup_error" time="0.004" /><testcase classname="tests.unit.test_abuse_service.TestTransition" name="test_non_admin_cannot_transition" time="0.004" /><testcase classname="tests.unit.test_accrual_job.TestFirstPeriodViaHoldCapture" name="test_first_period_captures_creation_hold" time="0.005" /><testcase classname="tests.unit.test_accrual_job.TestFirstPeriodViaHoldCapture" name="test_partial_period_not_settled" time="0.004" /><testcase classname="tests.unit.test_accrual_job.TestLaterPeriods" name="test_second_period_is_a_plain_debit" time="0.004" /><testcase classname="tests.unit.test_accrual_job.TestLaterPeriods" name="test_multiple_periods_in_one_run" time="0.004" /><testcase classname="tests.unit.test_accrual_job.TestNoDuplicateChargesOnRetry" name="test_replay_after_watermark_reset_does_not_double_charge" time="0.005" /><testcase classname="tests.unit.test_accrual_job.TestNoDuplicateChargesOnRetry" name="test_run_with_no_elapsed_time_is_a_noop" time="0.003" /><testcase classname="tests.unit.test_accrual_job.TestNoDuplicateChargesOnRetry" name="test_replayed_period_does_not_repeat_accrual_row" time="0.005" /><testcase classname="tests.unit.test_accrual_job.TestHoldEdgeCases" name="test_released_hold_falls_back_to_debit" time="0.004" /><testcase classname="tests.unit.test_accrual_job.TestHoldEdgeCases" name="test_capture_replay_when_hold_already_captured" time="0.005" /><testcase classname="tests.unit.test_accrual_job.TestFailureModes" name="test_insufficient_balance_leaves_period_unsettled" time="0.004" /><testcase classname="tests.unit.test_accrual_job.TestFailureModes" name="test_one_bad_server_does_not_break_the_run" time="0.006" /><testcase classname="tests.unit.test_accrual_job.TestFailureModes" name="test_missing_wallet_counts_as_error" time="0.004" /><testcase classname="tests.unit.test_accrual_job.TestLock" name="test_lock_not_acquired_skips_entirely" time="0.003" /><testcase classname="tests.unit.test_accrual_job.TestLock" name="test_lock_acquired_proceeds" time="0.004" /><testcase classname="tests.unit.test_accrual_job.TestUnitBehavior" name="test_charge_key_is_deterministic_and_utc_based" time="0.002" /><testcase classname="tests.unit.test_accrual_job.TestUnitBehavior" name="test_missing_created_at_counts_as_error" time="0.005" /><testcase classname="tests.unit.test_accrual_job.TestUnitBehavior" name="test_accrual_period_validation" time="0.001" /><testcase classname="tests.unit.test_accrual_job.TestUnitBehavior" name="test_report_render_ascii" time="0.001" /><testcase classname="tests.unit.test_accrual_job.TestUnitBehavior" name="test_corrupted_watermark_rebases_to_start" time="0.004" /><testcase classname="tests.unit.test_accrual_job.TestUnitBehavior" name="test_audit_event_recorded_per_run" time="0.022" /><testcase classname="tests.unit.test_accrual_job.TestUnitBehavior" name="test_missing_snapshot_raises_typed_error" time="0.003" /><testcase classname="tests.unit.test_action_waiter.TestWaitPolicy" name="test_defaults_are_bounded" time="0.001" /><testcase classname="tests.unit.test_action_waiter.TestWaitPolicy" name="test_invalid_policy_rejected[kwargs0]" time="0.002" /><testcase classname="tests.unit.test_action_waiter.TestWaitPolicy" name="test_invalid_policy_rejected[kwargs1]" time="0.002" /><testcase classname="tests.unit.test_action_waiter.TestWaitPolicy" name="test_invalid_policy_rejected[kwargs2]" time="0.001" /><testcase classname="tests.unit.test_action_waiter.TestWaitPolicy" name="test_invalid_policy_rejected[kwargs3]" time="0.001" /><testcase classname="tests.unit.test_action_waiter.TestWaitFor" name="test_immediate_completion" time="0.002" /><testcase classname="tests.unit.test_action_waiter.TestWaitFor" name="test_completes_after_pending_polls" time="0.003" /><testcase classname="tests.unit.test_action_waiter.TestWaitFor" name="test_failed_probe_returns_failure_with_detail" time="0.025" /><testcase classname="tests.unit.test_action_waiter.TestWaitFor" name="test_deadline_returns_timeout" time="0.014" /><testcase classname="tests.unit.test_action_waiter.TestWaitFor" name="test_backoff_is_bounded" time="0.023" /><testcase classname="tests.unit.test_action_waiter.TestWaitFor" name="test_transient_error_retried_within_poll" time="2.014" /><testcase classname="tests.unit.test_action_waiter.TestWaitFor" name="test_rate_limit_reset_honored" time="0.004" /><testcase classname="tests.unit.test_action_waiter.TestWaitFor" name="test_retry_budget_exhaustion_propagates" time="0.004" /><testcase classname="tests.unit.test_action_waiter.TestWaitFor" name="test_permanent_error_propagates_immediately" time="0.003" /><testcase classname="tests.unit.test_action_waiter.TestWorkerWaiterIntegration" name="test_wait_fast_forwards_to_running" time="0.005" /><testcase classname="tests.unit.test_action_waiter.TestWorkerWaiterIntegration" name="test_timeout_keeps_provisioning" time="0.004" /><testcase classname="tests.unit.test_action_waiter.TestWorkerWaiterIntegration" name="test_provider_error_during_watch_is_contained" time="3.028" /><testcase classname="tests.unit.test_action_waiter.TestWorkerWaiterIntegration" name="test_no_waiter_keeps_legacy_behavior" time="0.007" /><testcase classname="tests.unit.test_alembic_env_failclosed.TestExplicitConfigFailure" name="test_missing_explicit_toml_fails_loudly_not_localhost" time="0.004" /><testcase classname="tests.unit.test_alembic_env_failclosed.TestExplicitConfigFailure" name="test_error_names_the_file_but_never_a_password" time="0.003" /><testcase classname="tests.unit.test_alembic_env_failclosed.TestNonExplicitBehaviorPreserved" name="test_valid_explicit_toml_uses_its_database_url" time="0.002" /><testcase classname="tests.unit.test_alembic_env_failclosed.TestNonExplicitBehaviorPreserved" name="test_no_explicit_file_keeps_local_dev_fallback" time="0.001" /><testcase classname="tests.unit.test_alembic_env_failclosed.TestNonExplicitBehaviorPreserved" name="test_database_url_env_still_wins" time="0.001" /><testcase classname="tests.unit.test_alert_feed_metrics.TestSpendFeed" name="test_check_sets_the_global_daily_cost_gauge" time="0.004" /><testcase classname="tests.unit.test_alert_feed_metrics.TestSpendFeed" name="test_no_global_limit_still_sets_the_gauge" time="0.004" /><testcase classname="tests.unit.test_alert_feed_metrics.TestProvisioningFailureFeed" name="test_worker_failure_stage_counts" time="0.008" /><testcase classname="tests.unit.test_alert_feed_metrics.TestReconciliationFeed" name="test_every_outcome_is_counted" time="0.017" /><testcase classname="tests.unit.test_alert_feed_metrics.TestProviderCallOutcomeFeed" name="test_rate_limited_maps_to_closed_label" time="0.003" /><testcase classname="tests.unit.test_alert_rules.TestFileStructure" name="test_file_exists_and_parses" time="0.032" /><testcase classname="tests.unit.test_alert_rules.TestFileStructure" name="test_every_rule_is_well_formed" time="0.001" /><testcase classname="tests.unit.test_alert_rules.TestFileStructure" name="test_alert_names_are_unique" time="0.001" /><testcase classname="tests.unit.test_alert_rules.TestTopics" name="test_topic_is_covered[spend]" time="0.001" /><testcase classname="tests.unit.test_alert_rules.TestTopics" name="test_topic_is_covered[provider-429]" time="0.001" /><testcase classname="tests.unit.test_alert_rules.TestTopics" name="test_topic_is_covered[provisioning-failure]" time="0.001" /><testcase classname="tests.unit.test_alert_rules.TestTopics" name="test_topic_is_covered[queue-age]" time="0.001" /><testcase classname="tests.unit.test_alert_rules.TestTopics" name="test_topic_is_covered[reconciliation-drift]" time="0.001" /><testcase classname="tests.unit.test_alert_rules.TestTopics" name="test_429_alert_targets_rate_limited_outcome" time="0.001" /><testcase classname="tests.unit.test_alert_rules.TestQueueAgeFeeds" name="test_queue_age_alerts_reference_both_operation_types" time="0.001" /><testcase classname="tests.unit.test_alert_rules.TestQueueAgeFeeds" name="test_operation_type_values_match_the_gauge_labels" time="0.001" /><testcase classname="tests.unit.test_alert_rules.TestMetricsExistence" name="test_all_referenced_metrics_are_exported" time="0.002" /><testcase classname="tests.unit.test_alert_rules.TestMetricsExistence" name="test_exported_metrics_are_rendered" time="0.001" /><testcase classname="tests.unit.test_allocator" name="test_allocation_policy_enum" time="0.001" /><testcase classname="tests.unit.test_allocator" name="test_allocation_request_creation" time="0.001" /><testcase classname="tests.unit.test_allocator" name="test_allocation_result_creation" time="0.001" /><testcase classname="tests.unit.test_allocator" name="test_allocation_error_hierarchy" time="0.001" /><testcase classname="tests.unit.test_allocator" name="test_allocator_basic_allocation" time="0.004" /><testcase classname="tests.unit.test_allocator" name="test_allocator_no_suitable_account" time="0.021" /><testcase classname="tests.unit.test_allocator" name="test_allocator_excluded_accounts" time="0.004" /><testcase classname="tests.unit.test_allocator" name="test_allocator_capability_first_policy" time="0.006" /><testcase classname="tests.unit.test_allocator" name="test_allocator_region_aware_policy" time="0.002" /><testcase classname="tests.unit.test_allocator" name="test_composite_allocator_fallback" time="0.002" /><testcase classname="tests.unit.test_allocator" name="test_composite_allocator_exhausts_policies" time="0.029" /><testcase classname="tests.unit.test_allocator" name="test_allocator_multiple_capabilities" time="0.006" /><testcase classname="tests.unit.test_allocator" name="test_allocation_request_defaults" time="0.002" /><testcase classname="tests.unit.test_api_admin.TestRbacGate" name="test_non_admin_is_forbidden_envelope" time="0.074" /><testcase classname="tests.unit.test_api_admin.TestRbacGate" name="test_unknown_actor_is_forbidden_too" time="0.241" /><testcase classname="tests.unit.test_api_admin.TestSearchAndDetail" name="test_search_matches_username_and_email_substrings" time="0.085" /><testcase classname="tests.unit.test_api_admin.TestSearchAndDetail" name="test_detail_unknown_user_is_404_envelope" time="0.052" /><testcase classname="tests.unit.test_api_admin.TestStatusActionAudited" name="test_status_change_requires_reason_and_audits" time="0.077" /><testcase classname="tests.unit.test_api_admin.TestStatusActionAudited" name="test_mutations_require_idempotency_key" time="0.055" /><testcase classname="tests.unit.test_api_admin.TestAuditQuery" name="test_query_by_resource_pair" time="0.055" /><testcase classname="tests.unit.test_api_admin.TestAuditQuery" name="test_missing_filter_is_validation_error" time="0.071" /><testcase classname="tests.unit.test_api_rate_limits.TestHeadersAndLimits" name="test_headers_present_on_success" time="0.045" /><testcase classname="tests.unit.test_api_rate_limits.TestHeadersAndLimits" name="test_exceeding_limit_returns_429_envelope" time="0.051" /><testcase classname="tests.unit.test_api_rate_limits.TestHeadersAndLimits" name="test_window_slides_and_recovers" time="0.064" /><testcase classname="tests.unit.test_api_rate_limits.TestHeadersAndLimits" name="test_distinct_tokens_get_independent_buckets" time="0.053" /><testcase classname="tests.unit.test_api_rate_limits.TestHeadersAndLimits" name="test_reset_epoch_uses_wall_clock" time="0.047" /><testcase classname="tests.unit.test_api_rate_limits.TestLimiterUnit" name="test_decision_math_without_http" time="0.001" /><testcase classname="tests.unit.test_api_rate_limits.TestLimiterUnit" name="test_lru_eviction_bounds_memory" time="0.001" /><testcase classname="tests.unit.test_api_rate_limits.TestLimiterUnit" name="test_retry_after_counts_down_to_expiry" time="0.001" /><testcase classname="tests.unit.test_api_tokens.TestHashedTokens" name="test_plaintext_shown_once_never_stored" time="0.006" /><testcase classname="tests.unit.test_api_tokens.TestHashedTokens" name="test_audit_never_carries_material" time="0.004" /><testcase classname="tests.unit.test_api_tokens.TestHashedTokens" name="test_authenticate_round_trip_and_last_used" time="0.004" /><testcase classname="tests.unit.test_api_tokens.TestHashedTokens" name="test_unknown_or_malformed_rejected_identically" time="0.004" /><testcase classname="tests.unit.test_api_tokens.TestHashedTokens" name="test_revocation_is_immediate_and_final" time="0.003" /><testcase classname="tests.unit.test_api_tokens.TestHashedTokens" name="test_revoke_is_idempotent_for_owner" time="0.005" /><testcase classname="tests.unit.test_api_tokens.TestHashedTokens" name="test_scopes_subset_validation" time="0.003" /><testcase classname="tests.unit.test_api_tokens.TestOwnershipAndQuota" name="test_cannot_create_for_another_user" time="0.003" /><testcase classname="tests.unit.test_api_tokens.TestOwnershipAndQuota" name="test_duplicate_name_per_user_rejected" time="0.004" /><testcase classname="tests.unit.test_api_tokens.TestOwnershipAndQuota" name="test_quota_enforced" time="0.004" /><testcase classname="tests.unit.test_api_tokens.TestOwnershipAndQuota" name="test_foreign_list_and_revoke_are_not_found" time="0.003" /><testcase classname="tests.unit.test_api_tokens.TestOwnershipAndQuota" name="test_audit_events_use_user_actor" time="0.004" /><testcase classname="tests.unit.test_api_tokens.TestScopeSemantics" name="test_authentication_has_is_conjunction" time="0.001" /><testcase classname="tests.unit.test_api_tokens.TestScopeSemantics" name="test_scope_enum_values_are_stable_strings" time="0.001" /><testcase classname="tests.unit.test_api_tokens.TestScopeSemantics" name="test_generate_produces_prefixed_unique_tokens" time="0.002" /><testcase classname="tests.unit.test_api_v1_contract.TestErrorEnvelope" name="test_unknown_route_is_enveloped_404" time="0.053" /><testcase classname="tests.unit.test_api_v1_contract.TestErrorEnvelope" name="test_missing_identity_is_401_envelope" time="0.051" /><testcase classname="tests.unit.test_api_v1_contract.TestErrorEnvelope" name="test_invalid_body_is_validation_error_envelope" time="0.059" /><testcase classname="tests.unit.test_api_v1_contract.TestErrorEnvelope" name="test_domain_error_maps_to_stable_code" time="0.046" /><testcase classname="tests.unit.test_api_v1_contract.TestScopeContract" name="test_token_without_scope_is_forbidden" time="0.046" /><testcase classname="tests.unit.test_api_v1_contract.TestScopeContract" name="test_write_scope_needed_for_mutations" time="0.042" /><testcase classname="tests.unit.test_api_v1_contract.TestIdempotencyContract" name="test_mutations_require_the_header[post-/v1/ssh-keys]" time="0.046" /><testcase classname="tests.unit.test_api_v1_contract.TestIdempotencyContract" name="test_mutations_require_the_header[delete-/v1/servers/6cf0673b-10d3-48a2-9905-08ce99828e7a]" time="0.050" /><testcase classname="tests.unit.test_api_v1_contract.TestIdempotencyContract" name="test_reads_do_not_need_a_key" time="0.060" /><testcase classname="tests.unit.test_api_v1_contract.TestIdempotencyContract" name="test_oversized_key_is_validation_error" time="0.044" /><testcase classname="tests.unit.test_api_v1_contract.TestResources" name="test_catalog_offers_only_enabled" time="0.041" /><testcase classname="tests.unit.test_api_v1_contract.TestResources" name="test_ssh_key_registration_returns_fingerprint" time="0.042" /><testcase classname="tests.unit.test_api_v1_contract.TestOpenApiStability" name="test_v1_paths_are_pinned" time="0.054" /><testcase classname="tests.unit.test_api_v1_contract.TestOpenApiStability" name="test_all_v1_routes_are_version_prefixed" time="0.041" /><testcase classname="tests.unit.test_api_v1_contract.TestTokenManagementSurface" name="test_create_returns_plaintext_exactly_once" time="0.045" /><testcase classname="tests.unit.test_api_v1_contract.TestTokenManagementSurface" name="test_revoke_is_wired" time="0.042" /><testcase classname="tests.unit.test_api_v1_wallet_servers.TestWalletEndpoint" name="test_get_wallet_returns_balance" time="0.006" /><testcase classname="tests.unit.test_api_v1_wallet_servers.TestWalletEndpoint" name="test_get_wallet_missing_raises_404" time="0.006" /><testcase classname="tests.unit.test_api_v1_wallet_servers.TestServersEndpoint" name="test_list_servers" time="0.003" /><testcase classname="tests.unit.test_api_v1_wallet_servers.TestServersEndpoint" name="test_get_server_found" time="0.003" /><testcase classname="tests.unit.test_api_v1_wallet_servers.TestServersEndpoint" name="test_get_server_foreign_raises_404" time="0.003" /><testcase classname="tests.unit.test_api_v1_wallet_servers.TestServersEndpoint" name="test_delete_server_is_not_implemented" time="0.002" /><testcase classname="tests.unit.test_api_v1_wallet_servers.TestServerActions" name="test_power_on_success" time="0.003" /><testcase classname="tests.unit.test_api_v1_wallet_servers.TestServerActions" name="test_unknown_action_raises_404" time="0.004" /><testcase classname="tests.unit.test_api_v1_wallet_servers.TestServerActions" name="test_foreign_server_raises_404" time="0.005" /><testcase classname="tests.unit.test_api_v1_wallet_servers.TestServerActions" name="test_action_not_allowed_raises_409" time="0.004" /><testcase classname="tests.unit.test_api_v1_wallet_servers.TestServerActions" name="test_operation_in_progress_raises_conflict" time="0.004" /><testcase classname="tests.unit.test_api_v1_wallet_servers.TestServerActions" name="test_power_failed_raises_conflict" time="0.004" /><testcase classname="tests.unit.test_arvancloud_adapter.TestAuthAndTransport" name="test_constructor_sets_plain_authorization_header" time="0.030" /><testcase classname="tests.unit.test_arvancloud_adapter.TestAuthAndTransport" name="test_key_never_leaks_into_errors" time="0.017" /><testcase classname="tests.unit.test_arvancloud_adapter.TestAuthAndTransport" name="test_region_is_addressed_in_paths" time="0.021" /><testcase classname="tests.unit.test_arvancloud_adapter.TestAuthAndTransport" name="test_missing_region_fails_for_region_scoped_reads" time="0.015" /><testcase classname="tests.unit.test_arvancloud_adapter.TestAuthAndTransport" name="test_unqualified_server_id_uses_default_region" time="0.018" /><testcase classname="tests.unit.test_arvancloud_adapter.TestCatalog" name="test_list_locations_maps_region_schema" time="0.016" /><testcase classname="tests.unit.test_arvancloud_adapter.TestCatalog" name="test_list_locations_falls_back_to_configured_region" time="0.023" /><testcase classname="tests.unit.test_arvancloud_adapter.TestCatalog" name="test_list_plans_passes_prices_through_metadata" time="0.045" /><testcase classname="tests.unit.test_arvancloud_adapter.TestCatalog" name="test_list_images_maps_imagelist" time="0.017" /><testcase classname="tests.unit.test_arvancloud_adapter.TestServerLifecycle" name="test_get_server_returns_qualified_id_and_normalized_status" time="0.023" /><testcase classname="tests.unit.test_arvancloud_adapter.TestServerLifecycle" name="test_get_server_not_found_returns_none" time="0.017" /><testcase classname="tests.unit.test_arvancloud_adapter.TestServerLifecycle" name="test_list_servers_returns_qualified" time="0.022" /><testcase classname="tests.unit.test_arvancloud_adapter.TestCreateIdempotency" name="test_create_posts_mapped_body" time="0.023" /><testcase classname="tests.unit.test_arvancloud_adapter.TestCreateIdempotency" name="test_create_is_idempotent_when_server_already_materialized" time="0.018" /><testcase classname="tests.unit.test_arvancloud_adapter.TestCreateIdempotency" name="test_create_requires_region" time="0.015" /><testcase classname="tests.unit.test_arvancloud_adapter.TestDeleteAndPower" name="test_delete_404_is_success" time="0.018" /><testcase classname="tests.unit.test_arvancloud_adapter.TestDeleteAndPower" name="test_delete_posts_delete" time="0.021" /><testcase classname="tests.unit.test_arvancloud_adapter.TestDeleteAndPower" name="test_power_calls[power_on-/power-on]" time="0.019" /><testcase classname="tests.unit.test_arvancloud_adapter.TestDeleteAndPower" name="test_power_calls[power_off-/power-off]" time="0.019" /><testcase classname="tests.unit.test_arvancloud_adapter.TestDeleteAndPower" name="test_power_calls[reboot-/reboot]" time="0.018" /><testcase classname="tests.unit.test_arvancloud_adapter.TestErrorMapping" name="test_error_table[401-payload0-ProviderAuthError]" time="0.023" /><testcase classname="tests.unit.test_arvancloud_adapter.TestErrorMapping" name="test_error_table[403-payload1-ProviderAuthError]" time="0.021" /><testcase classname="tests.unit.test_arvancloud_adapter.TestErrorMapping" name="test_error_table[404-payload2-ProviderNotFound]" time="0.019" /><testcase classname="tests.unit.test_arvancloud_adapter.TestErrorMapping" name="test_error_table[409-payload3-ProviderConflict]" time="0.023" /><testcase classname="tests.unit.test_arvancloud_adapter.TestErrorMapping" name="test_error_table[500-payload4-ProviderUnavailable]" time="0.021" /><testcase classname="tests.unit.test_arvancloud_adapter.TestErrorMapping" name="test_error_table[503-payload5-ProviderUnavailable]" time="0.020" /><testcase classname="tests.unit.test_arvancloud_adapter.TestErrorMapping" name="test_errors_list_fallback_message" time="0.016" /><testcase classname="tests.unit.test_arvancloud_adapter.TestErrorMapping" name="test_empty_error_body_is_defensive" time="0.021" /><testcase classname="tests.unit.test_arvancloud_adapter.TestErrorMapping" name="test_network_error_is_unavailable" time="0.019" /><testcase classname="tests.unit.test_arvancloud_adapter.TestErrorMapping" name="test_429_with_retry_after_retries_then_succeeds" time="0.018" /><testcase classname="tests.unit.test_arvancloud_adapter.TestErrorMapping" name="test_429_exhausts_retries_into_rate_limited" time="0.026" /><testcase classname="tests.unit.test_arvancloud_adapter.TestStatusNormalization" name="test_table[available-running]" time="0.002" /><testcase classname="tests.unit.test_arvancloud_adapter.TestStatusNormalization" name="test_table[AVAILABLE-running]" time="0.002" /><testcase classname="tests.unit.test_arvancloud_adapter.TestStatusNormalization" name="test_table[running-running]" time="0.002" /><testcase classname="tests.unit.test_arvancloud_adapter.TestStatusNormalization" name="test_table[creating-building]" time="0.002" /><testcase classname="tests.unit.test_arvancloud_adapter.TestStatusNormalization" name="test_table[build-building]" time="0.002" /><testcase classname="tests.unit.test_arvancloud_adapter.TestStatusNormalization" name="test_table[deleting-deleting]" time="0.001" /><testcase classname="tests.unit.test_arvancloud_adapter.TestStatusNormalization" name="test_table[powered-off-stopped]" time="0.001" /><testcase classname="tests.unit.test_arvancloud_adapter.TestStatusNormalization" name="test_table[error-error]" time="0.001" /><testcase classname="tests.unit.test_arvancloud_adapter.TestStatusNormalization" name="test_table[weird-new-value-weird-new-value]" time="0.001" /><testcase classname="tests.unit.test_arvancloud_adapter.TestIdHelpers" name="test_qualify_and_parse_roundtrip" time="0.001" /><testcase classname="tests.unit.test_arvancloud_adapter.TestIdHelpers" name="test_parse_unqualified_with_default" time="0.001" /><testcase classname="tests.unit.test_arvancloud_adapter.TestIdHelpers" name="test_parse_unqualified_without_default_fails" time="0.001" /><testcase classname="tests.unit.test_arvancloud_adapter.TestRegistryAndSettings" name="test_container_registers_arvancloud_when_key_present" time="0.018" /><testcase classname="tests.unit.test_arvancloud_adapter.TestRegistryAndSettings" name="test_settings_defaults" time="0.009" /><testcase classname="tests.unit.test_arvancloud_adapter.TestSecretLeakage" name="test_key_absent_from_all_error_texts" time="0.059" /><testcase classname="tests.unit.test_arvancloud_catalog.TestPlanPricingMapper" name="test_maps_all_fields" time="0.003" /><testcase classname="tests.unit.test_arvancloud_catalog.TestPlanPricingMapper" name="test_uses_memory_field_when_bytes_absent" time="0.002" /><testcase classname="tests.unit.test_arvancloud_catalog.TestPlanPricingMapper" name="test_uses_disk_field_when_bytes_absent" time="0.001" /><testcase classname="tests.unit.test_arvancloud_catalog.TestPlanPricingMapper" name="test_monthly_only_price_is_accepted" time="0.001" /><testcase classname="tests.unit.test_arvancloud_catalog.TestPlanPricingMapper" name="test_missing_hourly_and_monthly_raises" time="0.001" /><testcase classname="tests.unit.test_arvancloud_catalog.TestPlanPricingMapper" name="test_missing_id_raises" time="0.001" /><testcase classname="tests.unit.test_arvancloud_catalog.TestPlanPricingMapper" name="test_missing_location_raises" time="0.001" /><testcase classname="tests.unit.test_arvancloud_catalog.TestPlanPricingMapper" name="test_negative_price_is_rejected" time="0.001" /><testcase classname="tests.unit.test_arvancloud_catalog.TestPlanPricingMapper" name="test_non_numeric_price_is_skipped_to_next_field" time="0.001" /><testcase classname="tests.unit.test_arvancloud_catalog.TestPlanPricingMapper" name="test_string_prices_parse_as_decimal" time="0.001" /><testcase classname="tests.unit.test_arvancloud_catalog.TestPlanPricingMapper" name="test_produces_domain_type_ingestable_by_core_service" time="0.001" /><testcase classname="tests.unit.test_arvancloud_catalog.TestSyncer" name="test_sync_plans_ingests_each_plan" time="0.005" /><testcase classname="tests.unit.test_arvancloud_catalog.TestSyncer" name="test_sync_plans_isolates_per_plan_errors" time="0.024" /><testcase classname="tests.unit.test_arvancloud_reconciliation.TestProbePowerEffect" name="test_power_on_running_is_true" time="0.020" /><testcase classname="tests.unit.test_arvancloud_reconciliation.TestProbePowerEffect" name="test_power_on_stopped_is_false" time="0.021" /><testcase classname="tests.unit.test_arvancloud_reconciliation.TestProbePowerEffect" name="test_power_on_building_is_inconclusive" time="0.033" /><testcase classname="tests.unit.test_arvancloud_reconciliation.TestProbePowerEffect" name="test_power_off_stopped_is_true" time="0.017" /><testcase classname="tests.unit.test_arvancloud_reconciliation.TestProbePowerEffect" name="test_power_off_running_is_false" time="0.017" /><testcase classname="tests.unit.test_arvancloud_reconciliation.TestProbePowerEffect" name="test_reboot_running_is_true_avoids_second_reboot" time="0.019" /><testcase classname="tests.unit.test_arvancloud_reconciliation.TestProbePowerEffect" name="test_reboot_stopped_is_false" time="0.023" /><testcase classname="tests.unit.test_arvancloud_reconciliation.TestProbePowerEffect" name="test_reboot_building_is_inconclusive" time="0.018" /><testcase classname="tests.unit.test_arvancloud_reconciliation.TestProbePowerEffect" name="test_vanished_server_is_inconclusive" time="0.014" /><testcase classname="tests.unit.test_arvancloud_reconciliation.TestProbePowerEffect" name="test_unknown_action_is_inconclusive" time="0.019" /><testcase classname="tests.unit.test_arvancloud_reconciliation.TestProbePowerEffect" name="test_adapter_satisfies_the_port_protocol" time="0.021" /><testcase classname="tests.unit.test_arvancloud_reconciliation.TestProbePowerEffect" name="test_power_probe_of_returns_none_for_providers_without_probe" time="0.001" /><testcase classname="tests.unit.test_arvancloud_reconciliation.TestProbePowerEffect" name="test_read_only_probe_makes_no_mutating_calls" time="0.017" /><testcase classname="tests.unit.test_arvancloud_reconciliation.TestExecutorAmbiguousResend" name="test_first_attempt_makes_no_probe" time="0.019" /><testcase classname="tests.unit.test_arvancloud_reconciliation.TestExecutorAmbiguousResend" name="test_resend_with_effect_already_applied_skips_provider_call" time="0.020" /><testcase classname="tests.unit.test_arvancloud_reconciliation.TestExecutorAmbiguousResend" name="test_resend_probe_false_resends_safely" time="0.035" /><testcase classname="tests.unit.test_arvancloud_reconciliation.TestExecutorAmbiguousResend" name="test_resend_probe_none_power_on_resends" time="0.016" /><testcase classname="tests.unit.test_arvancloud_reconciliation.TestExecutorAmbiguousResend" name="test_resend_probe_none_reboot_requeues_without_resend" time="0.018" /><testcase classname="tests.unit.test_arvancloud_reconciliation.TestExecutorAmbiguousResend" name="test_resend_probe_none_reboot_running_completes" time="0.016" /><testcase classname="tests.unit.test_arvancloud_reconciliation.TestExecutorAmbiguousResend" name="test_probe_error_is_inconclusive" time="0.018" /><testcase classname="tests.unit.test_arvancloud_reconciliation.TestExecutorAmbiguousResend" name="test_provider_without_probe_falls_back_to_plain_resend" time="0.006" /><testcase classname="tests.unit.test_arvancloud_reconciliation.TestExecutorAmbiguousResend" name="test_probe_true_power_off_transitions_state" time="0.018" /><testcase classname="tests.unit.test_arvancloud_reconciliation.TestCreateAndDeleteAmbiguityAlreadySafe" name="test_create_resend_deduplicates_by_name" time="0.045" /><testcase classname="tests.unit.test_arvancloud_reconciliation.TestCreateAndDeleteAmbiguityAlreadySafe" name="test_delete_404_is_success" time="0.016" /><testcase classname="tests.unit.test_arvancloud_reconciliation.TestCreateAndDeleteAmbiguityAlreadySafe" name="test_executor_module_uses_the_probe_port" time="0.001" /><testcase classname="tests.unit.test_audit_domain.TestAuditEventConstruction" name="test_valid_event" time="0.001" /><testcase classname="tests.unit.test_audit_domain.TestAuditEventConstruction" name="test_empty_action_rejected" time="0.001" /><testcase classname="tests.unit.test_audit_domain.TestAuditEventConstruction" name="test_empty_resource_type_rejected" time="0.001" /><testcase classname="tests.unit.test_audit_domain.TestAuditEventConstruction" name="test_defaults" time="0.001" /><testcase classname="tests.unit.test_audit_domain.TestAuditEventConstruction" name="test_metadata_dicts_are_independent" time="0.001" /><testcase classname="tests.unit.test_audit_domain.TestAuditEventConstruction" name="test_event_is_frozen" time="0.001" /><testcase classname="tests.unit.test_audit_domain.TestActorType" name="test_values_match_schema_strings" time="0.001" /><testcase classname="tests.unit.test_audit_repository.TestAppend" name="test_adds_commits_and_returns_persisted_event" time="0.006" /><testcase classname="tests.unit.test_audit_repository.TestAppend" name="test_empty_reason_and_resource_id_persist_as_null" time="0.004" /><testcase classname="tests.unit.test_audit_repository.TestQueries" name="test_get_by_resource_maps_rows" time="0.004" /><testcase classname="tests.unit.test_audit_repository.TestQueries" name="test_get_by_resource_empty_result" time="0.004" /><testcase classname="tests.unit.test_audit_repository.TestQueries" name="test_get_by_actor_maps_rows" time="0.004" /><testcase classname="tests.unit.test_audit_repository.TestAppendOnlyDesign" name="test_repository_exposes_no_mutation_operations" time="0.001" /><testcase classname="tests.unit.test_audit_service.TestAdminReasonEnforcement" name="test_admin_mutation_without_reason_rejected" time="0.003" /><testcase classname="tests.unit.test_audit_service.TestAdminReasonEnforcement" name="test_admin_mutation_with_whitespace_reason_rejected" time="0.003" /><testcase classname="tests.unit.test_audit_service.TestAdminReasonEnforcement" name="test_admin_mutation_with_reason_appended" time="0.003" /><testcase classname="tests.unit.test_audit_service.TestNonAdminActors" name="test_system_actor_without_reason_allowed" time="0.021" /><testcase classname="tests.unit.test_audit_service.TestNonAdminActors" name="test_user_actor_without_reason_allowed" time="0.006" /><testcase classname="tests.unit.test_backup_cli_main.TestBackupMode" name="test_backup_success_prints_summary" time="0.012" /><testcase classname="tests.unit.test_backup_cli_main.TestBackupMode" name="test_backup_config_error_returns_1" time="0.012" /><testcase classname="tests.unit.test_backup_cli_main.TestBackupMode" name="test_backup_run_error_returns_1" time="0.017" /><testcase classname="tests.unit.test_backup_cli_main.TestRestoreMode" name="test_restore_latest_success" time="0.015" /><testcase classname="tests.unit.test_backup_cli_main.TestRestoreMode" name="test_restore_named_file" time="0.015" /><testcase classname="tests.unit.test_backup_cli_main.TestRestoreMode" name="test_restore_converts_asyncpg_dsn_and_target_override" time="0.019" /><testcase classname="tests.unit.test_backup_cli_main.TestRestoreMode" name="test_restore_config_error_returns_1" time="0.012" /><testcase classname="tests.unit.test_backup_cli_main.TestRestoreMode" name="test_restore_run_error_returns_1" time="0.010" /><testcase classname="tests.unit.test_backups_toggle.TestRateCard" name="test_percent_helper" time="0.001" /><testcase classname="tests.unit.test_backups_toggle.TestRateCard" name="test_bounds" time="0.001" /><testcase classname="tests.unit.test_backups_toggle.TestRateCard" name="test_zero_bps_is_valid_free_choice" time="0.001" /><testcase classname="tests.unit.test_backups_toggle.TestMath" name="test_surcharge_matches_hand_computation[2000-1000-200]" time="0.001" /><testcase classname="tests.unit.test_backups_toggle.TestMath" name="test_surcharge_matches_hand_computation[2000-999-200]" time="0.001" /><testcase classname="tests.unit.test_backups_toggle.TestMath" name="test_surcharge_matches_hand_computation[500-1000000-50000]" time="0.001" /><testcase classname="tests.unit.test_backups_toggle.TestMath" name="test_surcharge_matches_hand_computation[0-12345-0]" time="0.001" /><testcase classname="tests.unit.test_backups_toggle.TestMath" name="test_surcharge_matches_hand_computation[10000-777-777]" time="0.001" /><testcase classname="tests.unit.test_backups_toggle.TestMath" name="test_negative_base_rejected" time="0.001" /><testcase classname="tests.unit.test_backups_toggle.TestPreviewAndConfirm" name="test_unpriced_server_has_no_impact" time="0.004" /><testcase classname="tests.unit.test_backups_toggle.TestPreviewAndConfirm" name="test_enable_preview_computes_delta" time="0.002" /><testcase classname="tests.unit.test_backups_toggle.TestPreviewAndConfirm" name="test_disable_preview_negates" time="0.003" /><testcase classname="tests.unit.test_backups_toggle.TestPreviewAndConfirm" name="test_toggle_to_same_state_is_zero_delta" time="0.002" /><testcase classname="tests.unit.test_backups_toggle.TestPreviewAndConfirm" name="test_confirmed_mutation_persists_and_audits" time="0.002" /><testcase classname="tests.unit.test_backups_toggle.TestPreviewAndConfirm" name="test_wrong_confirmation_refuses_mutation" time="0.002" /><testcase classname="tests.unit.test_backups_toggle.TestPreviewAndConfirm" name="test_price_move_between_preview_and_confirm_refuses" time="0.002" /><testcase classname="tests.unit.test_backups_toggle.TestPreviewAndConfirm" name="test_missing_key_rejected_before_any_lookup" time="0.003" /><testcase classname="tests.unit.test_billing" name="test_hourly_policy_rounds_partial_hour_up" time="0.001" /><testcase classname="tests.unit.test_billing" name="test_minimum_one_quantum_even_for_short_lived_server" time="0.001" /><testcase classname="tests.unit.test_bot_buy_flow.TestOsScreen" name="test_renders_compatible_images_only" time="0.006" /><testcase classname="tests.unit.test_bot_buy_flow.TestOsScreen" name="test_unknown_provider_shows_unavailable" time="0.003" /><testcase classname="tests.unit.test_bot_buy_flow.TestConfirmScreen" name="test_renders_price_wallet_and_actions" time="0.003" /><testcase classname="tests.unit.test_bot_buy_flow.TestConfirmScreen" name="test_insufficient_wallet_is_flagged" time="0.014" /><testcase classname="tests.unit.test_bot_buy_flow.TestFullClickPath" name="test_full_path_places_order_once" time="0.007" /><testcase classname="tests.unit.test_bot_buy_flow.TestFullClickPath" name="test_order_error_maps_to_friendly_message" time="0.005" /><testcase classname="tests.unit.test_bot_buy_flow.TestFullClickPath" name="test_confirm_without_identity_shows_notice" time="0.008" /><testcase classname="tests.unit.test_bot_buy_flow.TestFullClickPath" name="test_back_navigation_returns_to_plans" time="0.006" /><testcase classname="tests.unit.test_bot_main_handlers" name="test_start_command_shows_greeting_plus_menu" time="0.021" /><testcase classname="tests.unit.test_bot_main_handlers" name="test_menu_command_renders_menu" time="0.018" /><testcase classname="tests.unit.test_bot_main_handlers" name="test_help_command_answers" time="0.019" /><testcase classname="tests.unit.test_bot_main_handlers" name="test_callback_routes_to_monthly_ui_first" time="0.017" /><testcase classname="tests.unit.test_bot_main_handlers" name="test_callback_falls_back_to_legacy_ui" time="0.015" /><testcase classname="tests.unit.test_bot_main_handlers" name="test_foreign_callback_renders_menu_with_notice" time="0.028" /><testcase classname="tests.unit.test_bot_main_handlers" name="test_callback_edit_failure_is_tolerated" time="0.022" /><testcase classname="tests.unit.test_bot_main_handlers" name="test_menu_shows_same_canonical_menu_as_start" time="0.012" /><testcase classname="tests.unit.test_bot_main_handlers" name="test_start_creates_user_and_wallet_for_new_contact" time="0.040" /><testcase classname="tests.unit.test_bot_main_handlers" name="test_random_text_without_pending_prompt_shows_menu" time="0.027" /><testcase classname="tests.unit.test_bot_main_handlers" name="test_unknown_slash_command_shows_menu" time="0.013" /><testcase classname="tests.unit.test_bot_main_handlers" name="test_unsupported_media_shows_menu" time="0.013" /><testcase classname="tests.unit.test_bot_main_handlers" name="test_active_server_name_prompt_is_not_overridden" time="0.014" /><testcase classname="tests.unit.test_bot_main_handlers" name="test_active_reverse_dns_prompt_is_not_overridden" time="0.020" /><testcase classname="tests.unit.test_bot_main_handlers" name="test_reply_keyboard_buttons_dispatch[\U0001f5a5\ufe0f \u062e\u0631\u06cc\u062f \u0633\u0631\u0648\u0631-markets_screen]" time="0.019" /><testcase classname="tests.unit.test_bot_main_handlers" name="test_reply_keyboard_buttons_dispatch[\U0001f5a5\ufe0f Buy a server-markets_screen]" time="0.030" /><testcase classname="tests.unit.test_bot_main_handlers" name="test_reply_keyboard_buttons_dispatch[\U0001f5a5 \u0633\u0631\u0648\u0631\u0647\u0627\u06cc \u0645\u0646-servers_screen]" time="0.018" /><testcase classname="tests.unit.test_bot_main_handlers" name="test_reply_keyboard_buttons_dispatch[\U0001f5a5 My servers-servers_screen]" time="0.014" /><testcase classname="tests.unit.test_bot_main_handlers" name="test_reply_keyboard_buttons_dispatch[\U0001f4b0 \u06a9\u06cc\u0641 \u067e\u0648\u0644-wallet_screen]" time="0.013" /><testcase classname="tests.unit.test_bot_main_handlers" name="test_reply_keyboard_buttons_dispatch[\U0001f4b0 Wallet-wallet_screen]" time="0.014" /><testcase classname="tests.unit.test_bot_main_handlers" name="test_reply_keyboard_buttons_dispatch[\u2b06\ufe0f \u0634\u0627\u0631\u0698 \u062d\u0633\u0627\u0628-recharge_screen]" time="0.013" /><testcase classname="tests.unit.test_bot_main_handlers" name="test_reply_keyboard_buttons_dispatch[\u2b06\ufe0f Top up-recharge_screen]" time="0.020" /><testcase classname="tests.unit.test_bot_main_handlers" name="test_reply_keyboard_buttons_dispatch[\U0001f3a7 \u067e\u0634\u062a\u06cc\u0628\u0627\u0646\u06cc-support_screen]" time="0.015" /><testcase classname="tests.unit.test_bot_main_handlers" name="test_reply_keyboard_buttons_dispatch[\U0001f3a7 Support-support_screen]" time="0.016" /><testcase classname="tests.unit.test_bot_main_handlers" name="test_reply_keyboard_buttons_dispatch[\U0001f3e0 \u0645\u0646\u0648\u06cc \u0627\u0635\u0644\u06cc-menu_screen]" time="0.016" /><testcase classname="tests.unit.test_bot_main_handlers" name="test_reply_keyboard_buttons_dispatch[\U0001f3e0 Main menu-menu_screen]" time="0.020" /><testcase classname="tests.unit.test_bot_main_handlers" name="test_build_main_reply_keyboard" time="0.001" /><testcase classname="tests.unit.test_bot_notifier.TestOrderDeliveryNotifier" name="test_delivers_server_card_to_owner" time="0.006" /><testcase classname="tests.unit.test_bot_notifier.TestOrderDeliveryNotifier" name="test_no_telegram_identity_falls_back_to_log" time="0.003" /><testcase classname="tests.unit.test_bot_notifier.TestOrderDeliveryNotifier" name="test_estimated_renewal_is_marked" time="0.002" /><testcase classname="tests.unit.test_bot_notifier.TestOrderDeliveryNotifier" name="test_send_failure_is_swallowed" time="0.004" /><testcase classname="tests.unit.test_bot_notifier.TestOrderDeliveryNotifier" name="test_order_ref_fallbacks" time="0.003" /><testcase classname="tests.unit.test_bot_notifier.TestRenewalNotifier" name="test_warn_sends_insufficient_balance_line_for_3d" time="0.003" /><testcase classname="tests.unit.test_bot_notifier.TestRenewalNotifier" name="test_warn_sufficient_balance_has_no_warning_line" time="0.024" /><testcase classname="tests.unit.test_bot_notifier.TestRenewalNotifier" name="test_warn_missing_identity_logs" time="0.004" /><testcase classname="tests.unit.test_bot_notifier.TestRenewalNotifier" name="test_charged_sends_confirmation" time="0.004" /><testcase classname="tests.unit.test_bot_notifier.TestRenewalNotifier" name="test_alert_sends_to_admin_chat" time="0.004" /><testcase classname="tests.unit.test_bot_notifier.TestRenewalNotifier" name="test_alert_without_admin_chat_logs_error" time="0.003" /><testcase classname="tests.unit.test_bot_notifier.TestRenewalNotifier" name="test_send_failure_is_swallowed" time="0.003" /><testcase classname="tests.unit.test_bot_ui" name="test_ui_rejects_empty_signing_key" time="0.001" /><testcase classname="tests.unit.test_bot_ui.TestMainMenu" name="test_menu_has_four_flow_entries" time="0.001" /><testcase classname="tests.unit.test_bot_ui.TestLocationsScreen" name="test_groups_locations_with_select_callbacks" time="0.020" /><testcase classname="tests.unit.test_bot_ui.TestLocationsScreen" name="test_empty_catalog_shows_empty_notice" time="0.003" /><testcase classname="tests.unit.test_bot_ui.TestPlansScreen" name="test_renders_plans_with_signed_callbacks_and_nav" time="0.003" /><testcase classname="tests.unit.test_bot_ui.TestPlansScreen" name="test_missing_location_shows_empty_notice" time="0.003" /><testcase classname="tests.unit.test_bot_ui.TestDispatch" name="test_menu_buy_click_opens_locations" time="0.003" /><testcase classname="tests.unit.test_bot_ui.TestDispatch" name="test_location_select_opens_plans" time="0.003" /><testcase classname="tests.unit.test_bot_ui.TestDispatch" name="test_plan_select_opens_os_selection" time="0.003" /><testcase classname="tests.unit.test_bot_ui.TestDispatch" name="test_tampered_callback_shows_expired_notice" time="0.002" /><testcase classname="tests.unit.test_bot_ui.TestDispatch" name="test_unbuilt_flow_shows_coming_soon" time="0.002" /><testcase classname="tests.unit.test_business_log.TestPolicy" name="test_disabled_or_unaddressed_channel_is_inactive" time="0.001" /><testcase classname="tests.unit.test_business_log.TestPolicy" name="test_every_event_type_maps_to_one_flag" time="0.001" /><testcase classname="tests.unit.test_business_log.TestPolicy" name="test_category_flags_gate_the_event_types" time="0.001" /><testcase classname="tests.unit.test_business_log.TestPolicy" name="test_inactive_policy_allows_nothing" time="0.001" /><testcase classname="tests.unit.test_business_log.TestPolicy" name="test_built_from_settings" time="0.001" /><testcase classname="tests.unit.test_business_log.TestEventAndSink" name="test_null_sink_accepts_everything_silently" time="0.003" /><testcase classname="tests.unit.test_business_log.TestEventAndSink" name="test_event_key_is_required" time="0.001" /><testcase classname="tests.unit.test_business_log.TestEventAndSink" name="test_emission_deduplicates_on_the_event_key" time="0.002" /><testcase classname="tests.unit.test_business_log.TestEventAndSink" name="test_disabled_channel_never_writes" time="0.002" /><testcase classname="tests.unit.test_business_log.TestEventAndSink" name="test_filtered_event_type_never_writes" time="0.003" /><testcase classname="tests.unit.test_business_log.TestEventAndSink" name="test_enqueue_failure_is_swallowed" time="0.006" /><testcase classname="tests.unit.test_business_log.TestEventAndSink" name="test_emit_safe_tolerates_a_broken_sink" time="0.002" /><testcase classname="tests.unit.test_business_log.TestSanitization" name="test_credential_shaped_keys_are_redacted" time="0.001" /><testcase classname="tests.unit.test_business_log.TestSanitization" name="test_nested_values_and_headers_are_redacted" time="0.001" /><testcase classname="tests.unit.test_business_log.TestSanitization" name="test_values_are_truncated_and_json_safe" time="0.001" /><testcase classname="tests.unit.test_business_log.TestSanitization" name="test_unsanitizable_payload_degrades_to_empty" time="0.003" /><testcase classname="tests.unit.test_business_log.TestRenderer" name="test_renders_title_and_labelled_fields" time="0.001" /><testcase classname="tests.unit.test_business_log.TestRenderer" name="test_unknown_keys_are_still_rendered" time="0.001" /><testcase classname="tests.unit.test_business_log.TestRenderer" name="test_format_minor_is_integer_only" time="0.001" /><testcase classname="tests.unit.test_business_log.TestRenderer" name="test_compact_drops_unset_values" time="0.001" /><testcase classname="tests.unit.test_business_log.TestRenderer" name="test_event_key_and_uuid_text_helpers" time="0.001" /><testcase classname="tests.unit.test_business_log.TestEventBuilders" name="test_purchase_requested_carries_the_customer_facts" time="0.001" /><testcase classname="tests.unit.test_business_log.TestEventBuilders" name="test_provider_accepted_logs_the_provider_cost_not_the_sale_price" time="0.001" /><testcase classname="tests.unit.test_business_log.TestEventBuilders" name="test_vps_provisioned_lists_reachable_addresses_only" time="0.001" /><testcase classname="tests.unit.test_business_log.TestEventBuilders" name="test_purchase_failed_keeps_triage_identifiers" time="0.001" /><testcase classname="tests.unit.test_business_log.TestEventBuilders" name="test_recharge_events_carry_amount_and_session" time="0.001" /><testcase classname="tests.unit.test_business_log.TestEventBuilders" name="test_admin_adjustment_names_the_actor" time="0.001" /><testcase classname="tests.unit.test_business_log.TestDispatcher" name="test_successful_delivery_marks_sent" time="0.003" /><testcase classname="tests.unit.test_business_log.TestDispatcher" name="test_disabled_channel_delivers_nothing" time="0.002" /><testcase classname="tests.unit.test_business_log.TestDispatcher" name="test_failure_schedules_a_bounded_retry" time="0.002" /><testcase classname="tests.unit.test_business_log.TestDispatcher" name="test_repeated_failures_are_abandoned_at_the_cap" time="0.003" /><testcase classname="tests.unit.test_business_log.TestDispatcher" name="test_unknown_event_type_still_renders" time="0.002" /><testcase classname="tests.unit.test_business_log.TestDispatcher" name="test_created_at_is_rendered_when_the_payload_has_none" time="0.002" /><testcase classname="tests.unit.test_business_log.TestRepository" name="test_enqueue_returns_true_for_a_new_key" time="0.004" /><testcase classname="tests.unit.test_business_log.TestRepository" name="test_enqueue_returns_false_on_a_unique_violation" time="0.004" /><testcase classname="tests.unit.test_business_log.TestRepository" name="test_claim_due_returns_claimed_rows" time="0.006" /><testcase classname="tests.unit.test_business_log.TestRepository" name="test_lost_claim_race_yields_no_row" time="0.016" /><testcase classname="tests.unit.test_business_log.TestRepository" name="test_status_transitions_commit" time="0.009" /><testcase classname="tests.unit.test_business_log.TestRepository" name="test_get_returns_none_for_a_missing_key" time="0.005" /><testcase classname="tests.unit.test_business_log.TestRepository" name="test_counts_by_status" time="0.004" /><testcase classname="tests.unit.test_business_log.TestRepository" name="test_get_returns_a_record" time="0.006" /><testcase classname="tests.unit.test_callback_wire_limit.TestProductLocationsWireAlias" name="test_new_callback_includes_currency_and_fits" time="0.003" /><testcase classname="tests.unit.test_callback_wire_limit.TestProductLocationsWireAlias" name="test_new_callback_decodes_to_canonical_screen_and_args" time="0.001" /><testcase classname="tests.unit.test_callback_wire_limit.TestProductLocationsWireAlias" name="test_gbp_card_fits_and_stays_isolated" time="0.001" /><testcase classname="tests.unit.test_callback_wire_limit.TestProductLocationsWireAlias" name="test_legacy_literal_form_still_decodes" time="0.001" /><testcase classname="tests.unit.test_callback_wire_limit.TestProductLocationsWireAlias" name="test_legacy_price_only_form_still_decodes" time="0.001" /><testcase classname="tests.unit.test_callback_wire_limit.TestProductLocationsWireAlias" name="test_fail_fast_rejects_over_limit_payloads" time="0.001" /><testcase classname="tests.unit.test_callback_wire_limit.TestProductLocationsWireAlias" name="test_decode_stays_permissive_for_oversized_legacy" time="0.001" /><testcase classname="tests.unit.test_callback_wire_limit.TestCurrencyIsolationOnTheWire" name="test_cards_encode_distinct_fitting_callbacks" time="0.021" /><testcase classname="tests.unit.test_callback_wire_limit.TestCurrencyIsolationOnTheWire" name="test_ambiguous_legacy_still_rejects" time="0.005" /><testcase classname="tests.unit.test_callback_wire_limit.TestProductionShapedProductsScreen" name="test_every_product_card_button_fits" time="0.007" /><testcase classname="tests.unit.test_callback_wire_limit.TestProductionShapedProductsScreen" name="test_full_screen_renders_without_over_limit_callback" time="0.004" /><testcase classname="tests.unit.test_callback_wire_limit.TestProductionShapedProductsScreen" name="test_product_locations_buttons_fit_for_both_currencies" time="0.003" /><testcase classname="tests.unit.test_callback_wire_limit.TestRepresentativeScreensInvariant" name="test_core_navigation_buttons_fit" time="0.005" /><testcase classname="tests.unit.test_callback_wire_limit.TestCallbackAudit" name="test_bounded_navigation_shapes_fit" time="0.001" /><testcase classname="tests.unit.test_callback_wire_limit.TestCallbackAudit" name="test_new_offer_callbacks_fit" time="0.001" /><testcase classname="tests.unit.test_callback_wire_limit.TestCallbackAudit" name="test_legacy_uuid_callbacks_still_decode" time="0.001" /><testcase classname="tests.unit.test_capabilities" name="test_supports_single_capability_present" time="0.001" /><testcase classname="tests.unit.test_capabilities" name="test_supports_single_capability_absent" time="0.001" /><testcase classname="tests.unit.test_capabilities" name="test_supports_all_present" time="0.001" /><testcase classname="tests.unit.test_capabilities" name="test_supports_all_partially_present" time="0.001" /><testcase classname="tests.unit.test_capabilities" name="test_supports_all_empty_provider" time="0.001" /><testcase classname="tests.unit.test_capabilities" name="test_supports_any_present" time="0.001" /><testcase classname="tests.unit.test_capabilities" name="test_supports_any_absent" time="0.001" /><testcase classname="tests.unit.test_capabilities" name="test_supports_any_empty_capabilities" time="0.001" /><testcase classname="tests.unit.test_capabilities" name="test_capability_enum_values" time="0.001" /><testcase classname="tests.unit.test_capabilities" name="test_capability_from_string" time="0.001" /><testcase classname="tests.unit.test_capability_driven_ux.TestControlTable" name="test_every_control_is_capability_and_state_gated" time="0.001" /><testcase classname="tests.unit.test_capability_driven_ux.TestControlTable" name="test_power_controls_cover_exactly_the_power_actions" time="0.001" /><testcase classname="tests.unit.test_capability_driven_ux.TestControlTable" name="test_running_server_shows_off_and_reboot_only" time="0.001" /><testcase classname="tests.unit.test_capability_driven_ux.TestControlTable" name="test_stopped_server_shows_power_on_only" time="0.001" /><testcase classname="tests.unit.test_capability_driven_ux.TestControlTable" name="test_no_power_capability_hides_every_control" time="0.001" /><testcase classname="tests.unit.test_capability_driven_ux.TestControlTable" name="test_provisioning_server_has_no_controls" time="0.001" /><testcase classname="tests.unit.test_capability_driven_ux.TestControlTable" name="test_table_matches_available_power_actions" time="0.001" /><testcase classname="tests.unit.test_capability_driven_ux.TestSharedFlowsAcrossProviders" name="test_arvancloud_server_gets_the_shared_power_controls" time="0.016" /><testcase classname="tests.unit.test_capability_driven_ux.TestSharedFlowsAcrossProviders" name="test_hetzner_server_gets_identical_controls" time="0.016" /><testcase classname="tests.unit.test_capability_driven_ux.TestSharedFlowsAcrossProviders" name="test_provider_without_power_hides_all_controls" time="0.003" /><testcase classname="tests.unit.test_capability_driven_ux.TestSharedFlowsAcrossProviders" name="test_arvancloud_full_capability_set_does_not_add_unknown_controls" time="0.014" /><testcase classname="tests.unit.test_capability_driven_ux.TestSharedBuyFlow" name="test_two_providers_share_one_locations_flow" time="0.004" /><testcase classname="tests.unit.test_capability_driven_ux.TestSharedBuyFlow" name="test_provider_without_sellable_offers_is_absent" time="0.004" /><testcase classname="tests.unit.test_capability_driven_ux.TestSharedBuyFlow" name="test_plan_screen_shares_flow_for_arvancloud_offer" time="0.004" /><testcase classname="tests.unit.test_catalog_auto_sync_worker.TestCatalogAutoSyncJob" name="test_skipped_when_disabled" time="0.015" /><testcase classname="tests.unit.test_catalog_auto_sync_worker.TestCatalogAutoSyncJob" name="test_runs_leaseweb_without_hetzner_credential" time="0.049" /><testcase classname="tests.unit.test_catalog_auto_sync_worker.TestCatalogAutoSyncJob" name="test_runs_both_providers_when_configured" time="0.051" /><testcase classname="tests.unit.test_catalog_auto_sync_worker.TestCatalogAutoSyncJob" name="test_operator_disabled_provider_is_skipped" time="0.036" /><testcase classname="tests.unit.test_catalog_auto_sync_worker.TestCatalogAutoSyncJob" name="test_no_providers_configured_does_nothing" time="0.010" /><testcase classname="tests.unit.test_catalog_auto_sync_worker.TestCatalogAutoSyncJob" name="test_skipped_run_is_logged" time="0.041" /><testcase classname="tests.unit.test_catalog_auto_sync_worker.TestCatalogAutoSyncSchedule" name="test_default_interval_is_fifteen_minutes" time="0.007" /><testcase classname="tests.unit.test_catalog_auto_sync_worker.TestCatalogAutoSyncSchedule" name="test_custom_hour_dividing_interval" time="0.010" /><testcase classname="tests.unit.test_catalog_auto_sync_worker.TestCatalogAutoSyncSchedule" name="test_non_dividing_interval_falls_back" time="0.009" /><testcase classname="tests.unit.test_catalog_auto_sync_worker.TestCatalogAutoSyncSchedule" name="test_cron_uses_the_configured_cadence" time="0.007" /><testcase classname="tests.unit.test_catalog_auto_sync_worker.TestCatalogAutoSyncDoctor" name="test_doctor_reports_configuration_and_status" time="0.023" /><testcase classname="tests.unit.test_catalog_auto_sync_worker.TestCatalogAutoSyncDoctor" name="test_doctor_survives_router_failure" time="0.011" /><testcase classname="tests.unit.test_catalog_auto_sync_worker.TestCatalogAutoSyncDoctor" name="test_doctor_reports_unreadable_catalog" time="0.009" /><testcase classname="tests.unit.test_catalog_cache.TestReads" name="test_second_read_is_served_from_cache" time="0.025" /><testcase classname="tests.unit.test_catalog_cache.TestReads" name="test_distinct_refs_cached_independently" time="0.005" /><testcase classname="tests.unit.test_catalog_cache.TestReads" name="test_unknown_offer_negative_cached" time="0.004" /><testcase classname="tests.unit.test_catalog_cache.TestReads" name="test_ttl_zero_disables_caching" time="0.003" /><testcase classname="tests.unit.test_catalog_cache.TestReads" name="test_negative_ttl_rejected" time="0.003" /><testcase classname="tests.unit.test_catalog_cache.TestInvalidationOnChanges" name="test_price_upsert_invalidates" time="0.004" /><testcase classname="tests.unit.test_catalog_cache.TestInvalidationOnChanges" name="test_visibility_change_invalidates" time="0.021" /><testcase classname="tests.unit.test_catalog_cache.TestInvalidationOnChanges" name="test_visibility_lookup_error_still_propagates" time="0.004" /><testcase classname="tests.unit.test_catalog_cache.TestInvalidationOnChanges" name="test_upsert_return_value_passthrough" time="0.026" /><testcase classname="tests.unit.test_catalog_cache.TestInvalidationOnChanges" name="test_invalidation_during_fetch_not_cached" time="0.004" /><testcase classname="tests.unit.test_catalog_cache.TestTtlAndManualInvalidation" name="test_entry_expires_after_ttl" time="0.002" /><testcase classname="tests.unit.test_catalog_cache.TestTtlAndManualInvalidation" name="test_manual_invalidate_all" time="0.002" /><testcase classname="tests.unit.test_catalog_cache.TestTtlAndManualInvalidation" name="test_manual_invalidate_single_ref" time="0.003" /><testcase classname="tests.unit.test_catalog_cache.TestTtlAndManualInvalidation" name="test_invalidate_missing_ref" time="0.002" /><testcase classname="tests.unit.test_catalog_cache.TestPortCompatibility" name="test_cache_satisfies_catalog_repository_port" time="0.003" /><testcase classname="tests.unit.test_catalog_cache.TestStats" name="test_stats_counter_accounting" time="0.025" /><testcase classname="tests.unit.test_catalog_cache.TestRowIdPreserved" name="test_cached_offer_keeps_catalog_row_id" time="0.004" /><testcase classname="tests.unit.test_catalog_location_repository.TestLocationUpsert" name="test_creates_row_when_missing" time="0.013" /><testcase classname="tests.unit.test_catalog_location_repository.TestLocationUpsert" name="test_updates_row_when_present" time="0.005" /><testcase classname="tests.unit.test_catalog_location_repository.TestLocationUpsert" name="test_deterministic_provider_uuid_when_missing" time="0.023" /><testcase classname="tests.unit.test_catalog_location_repository.TestLocationListForProvider" name="test_returns_records_for_provider" time="0.006" /><testcase classname="tests.unit.test_catalog_location_repository.TestLocationListForProvider" name="test_unknown_provider_yields_empty" time="0.004" /><testcase classname="tests.unit.test_catalog_location_repository.TestListOffers" name="test_maps_rows_with_provider_name" time="0.007" /><testcase classname="tests.unit.test_catalog_location_repository.TestListOffers" name="test_empty_catalog" time="0.007" /><testcase classname="tests.unit.test_catalog_pricing_domain.TestToMinorUnits" name="test_exact_conversion" time="0.001" /><testcase classname="tests.unit.test_catalog_pricing_domain.TestToMinorUnits" name="test_half_up_rounding" time="0.001" /><testcase classname="tests.unit.test_catalog_pricing_domain.TestToMinorUnits" name="test_decimals_do_not_suffer_float_error" time="0.001" /><testcase classname="tests.unit.test_catalog_pricing_domain.TestToMinorUnits" name="test_custom_factor" time="0.002" /><testcase classname="tests.unit.test_catalog_pricing_domain.TestToMinorUnits" name="test_negative_rejected" time="0.001" /><testcase classname="tests.unit.test_catalog_pricing_domain.TestToMinorUnits" name="test_bad_factor_rejected" time="0.001" /><testcase classname="tests.unit.test_catalog_pricing_domain.TestHourlyMinor" name="test_provider_hourly_price_is_authoritative" time="0.001" /><testcase classname="tests.unit.test_catalog_pricing_domain.TestHourlyMinor" name="test_derived_from_monthly_when_hourly_absent" time="0.001" /><testcase classname="tests.unit.test_catalog_pricing_domain.TestHourlyMinor" name="test_derivation_rounds_half_up" time="0.001" /><testcase classname="tests.unit.test_catalog_pricing_domain.TestHourlyMinor" name="test_hours_per_month_basis" time="0.001" /><testcase classname="tests.unit.test_catalog_pricing_domain.TestProviderPriceEntryValidation" name="test_requires_location" time="0.001" /><testcase classname="tests.unit.test_catalog_pricing_domain.TestProviderPriceEntryValidation" name="test_requires_currency" time="0.001" /><testcase classname="tests.unit.test_catalog_pricing_domain.TestProviderPriceEntryValidation" name="test_requires_at_least_one_price" time="0.001" /><testcase classname="tests.unit.test_catalog_pricing_domain.TestProviderPriceEntryValidation" name="test_negative_prices_rejected" time="0.002" /><testcase classname="tests.unit.test_catalog_pricing_domain.TestPlanPricingValidation" name="test_valid_plan" time="0.001" /><testcase classname="tests.unit.test_catalog_pricing_domain.TestPlanPricingValidation" name="test_requires_plan_id" time="0.001" /><testcase classname="tests.unit.test_catalog_pricing_domain.TestPlanPricingValidation" name="test_requires_name" time="0.001" /><testcase classname="tests.unit.test_catalog_pricing_domain.TestPlanPricingValidation" name="test_requires_prices" time="0.001" /><testcase classname="tests.unit.test_catalog_pricing_domain.TestPlanPricingValidation" name="test_negative_specs_rejected" time="0.001" /><testcase classname="tests.unit.test_catalog_pricing_domain.TestPlanPricingValidation" name="test_multiple_locations_preserved" time="0.001" /><testcase classname="tests.unit.test_catalog_pricing_domain.TestResultTypes" name="test_ingested_price_is_frozen" time="0.001" /><testcase classname="tests.unit.test_catalog_pricing_domain.TestResultTypes" name="test_ingested_pricing_carries_plan" time="0.001" /><testcase classname="tests.unit.test_catalog_pricing_service.TestIngestPlan" name="test_ingests_one_row_per_location_with_decimal_math" time="0.003" /><testcase classname="tests.unit.test_catalog_pricing_service.TestIngestPlan" name="test_specs_and_metadata_forwarded_to_repository" time="0.004" /><testcase classname="tests.unit.test_catalog_pricing_service.TestIngestPlan" name="test_monthly_only_entry_derives_hourly" time="0.004" /><testcase classname="tests.unit.test_catalog_pricing_service.TestIngestPlan" name="test_empty_provider_key_rejected" time="0.014" /><testcase classname="tests.unit.test_catalog_pricing_service.TestIngestPlan" name="test_invalid_plan_data_propagates" time="0.015" /><testcase classname="tests.unit.test_catalog_repository.TestProviderKeyToUuid" name="test_deterministic" time="0.001" /><testcase classname="tests.unit.test_catalog_repository.TestProviderKeyToUuid" name="test_distinct_keys_distinct_uuids" time="0.001" /><testcase classname="tests.unit.test_catalog_repository.TestProviderKeyToUuid" name="test_is_valid_uuid" time="0.001" /><testcase classname="tests.unit.test_catalog_repository.TestUpsertEntry" name="test_creates_row_when_missing" time="0.005" /><testcase classname="tests.unit.test_catalog_repository.TestUpsertEntry" name="test_updates_row_when_present" time="0.006" /><testcase classname="tests.unit.test_catalog_repository.TestUpsertEntry" name="test_creates_provider_with_deterministic_uuid_when_missing" time="0.007" /><testcase classname="tests.unit.test_catalog_repository.TestUpsertEntry" name="test_spec_metadata_forwarded" time="0.005" /><testcase classname="tests.unit.test_catalog_sync_job.TestCatalogSyncJob" name="test_runs_all_steps_in_order_and_releases_lock" time="0.013" /><testcase classname="tests.unit.test_catalog_sync_job.TestCatalogSyncJob" name="test_lock_held_skips_entire_run" time="0.003" /><testcase classname="tests.unit.test_catalog_sync_job.TestCatalogSyncJob" name="test_failing_step_is_recorded_and_run_continues" time="0.006" /><testcase classname="tests.unit.test_catalog_sync_job.TestCatalogSyncJob" name="test_lock_released_when_every_step_fails" time="0.006" /><testcase classname="tests.unit.test_catalog_sync_job.TestCatalogSyncJob" name="test_empty_steps_rejected" time="0.004" /><testcase classname="tests.unit.test_catalog_sync_job.TestPostgresAdvisoryLock" name="test_acquire_true_yields_true_and_unlocks_same_session" time="0.003" /><testcase classname="tests.unit.test_catalog_sync_job.TestPostgresAdvisoryLock" name="test_acquire_false_never_unlocks" time="0.002" /><testcase classname="tests.unit.test_catalog_sync_job.TestPostgresAdvisoryLock" name="test_unlock_runs_even_if_guarded_code_raises" time="0.003" /><testcase classname="tests.unit.test_catalog_sync_job.TestConcurrentSyncs" name="test_concurrent_syncs_cannot_corrupt_catalog" time="0.030" /><testcase classname="tests.unit.test_catalog_sync_job.TestBuilder" name="test_build_catalog_sync_job_wires_all_three_steps" time="0.003" /><testcase classname="tests.unit.test_catalog_sync_job.TestBuilder" name="test_builder_reuses_lock_across_steps" time="0.003" /><testcase classname="tests.unit.test_catalog_view.TestGrouping" name="test_groups_by_country_then_location" time="0.002" /><testcase classname="tests.unit.test_catalog_view.TestGrouping" name="test_countries_sorted_other_last" time="0.003" /><testcase classname="tests.unit.test_catalog_view.TestGrouping" name="test_empty_catalog_is_empty" time="0.002" /><testcase classname="tests.unit.test_catalog_view.TestOnlyEnabledOffers" name="test_disabled_offers_hidden" time="0.003" /><testcase classname="tests.unit.test_catalog_view.TestOnlyEnabledOffers" name="test_disabled_only_leaves_country_empty_and_dropped" time="0.002" /><testcase classname="tests.unit.test_catalog_view.TestOnlyEnabledOffers" name="test_non_offer_rows_excluded" time="0.003" /><testcase classname="tests.unit.test_catalog_view.TestOnlyEnabledOffers" name="test_only_known_providers_queried" time="0.003" /><testcase classname="tests.unit.test_catalog_view.TestOfferView" name="test_view_carries_specs_and_price" time="0.004" /><testcase classname="tests.unit.test_catalog_view.TestOfferView" name="test_render_ascii" time="0.003" /><testcase classname="tests.unit.test_catalog_view.TestLocationRecordValidation" name="test_rejects_empty_fields[bad0]" time="0.001" /><testcase classname="tests.unit.test_catalog_view.TestLocationRecordValidation" name="test_rejects_empty_fields[bad1]" time="0.001" /><testcase classname="tests.unit.test_catalog_view.TestLocationRecordValidation" name="test_rejects_empty_fields[bad2]" time="0.001" /><testcase classname="tests.unit.test_catalog_view.TestLocationRecordValidation" name="test_country_code_optional" time="0.001" /><testcase classname="tests.unit.test_catalog_visibility_diagnostics.TestBlockingGate" name="test_priced_and_available_is_sellable" time="0.001" /><testcase classname="tests.unit.test_catalog_visibility_diagnostics.TestBlockingGate" name="test_gates_report_in_documented_order" time="0.001" /><testcase classname="tests.unit.test_catalog_visibility_diagnostics.TestBlockingGate" name="test_summary_counts_every_gate_with_stable_keys" time="0.001" /><testcase classname="tests.unit.test_catalog_visibility_diagnostics.TestBlockingGate" name="test_summary_of_nothing_is_all_zero" time="0.001" /><testcase classname="tests.unit.test_catalog_visibility_diagnostics.TestMarkupUnitPrice" name="test_integer_markup_rounds_up[1000-0-1000]" time="0.001" /><testcase classname="tests.unit.test_catalog_visibility_diagnostics.TestMarkupUnitPrice" name="test_integer_markup_rounds_up[1000-100-2000]" time="0.001" /><testcase classname="tests.unit.test_catalog_visibility_diagnostics.TestMarkupUnitPrice" name="test_integer_markup_rounds_up[1000-50-1500]" time="0.001" /><testcase classname="tests.unit.test_catalog_visibility_diagnostics.TestMarkupUnitPrice" name="test_integer_markup_rounds_up[449-30-584]" time="0.001" /><testcase classname="tests.unit.test_catalog_visibility_diagnostics.TestMarkupUnitPrice" name="test_integer_markup_rounds_up[1-1-2]" time="0.001" /><testcase classname="tests.unit.test_catalog_visibility_diagnostics.TestMarkupUnitPrice" name="test_integer_markup_rounds_up[333-33-443]" time="0.001" /><testcase classname="tests.unit.test_catalog_visibility_diagnostics.TestMarkupU
[...]
onQuery" name="test_rejects_when_available_balance_insufficient" time="0.005" /><testcase classname="tests.unit.test_wallet_domain.TestWalletConstruction" name="test_defaults" time="0.001" /><testcase classname="tests.unit.test_wallet_domain.TestWalletConstruction" name="test_currency_uppercased" time="0.001" /><testcase classname="tests.unit.test_wallet_domain.TestWalletConstruction" name="test_invalid_currency_rejected" time="0.001" /><testcase classname="tests.unit.test_wallet_domain.TestWalletConstruction" name="test_to_money" time="0.001" /><testcase classname="tests.unit.test_wallet_domain.TestAddFunds" name="test_increments_balance" time="0.001" /><testcase classname="tests.unit.test_wallet_domain.TestAddFunds" name="test_negative_amount_rejected" time="0.001" /><testcase classname="tests.unit.test_wallet_domain.TestDebit" name="test_decrements_balance" time="0.001" /><testcase classname="tests.unit.test_wallet_domain.TestDebit" name="test_overdraft_raises" time="0.001" /><testcase classname="tests.unit.test_wallet_domain.TestDebit" name="test_negative_amount_rejected" time="0.001" /><testcase classname="tests.unit.test_wallet_domain.TestFreeze" name="test_freeze_from_active" time="0.001" /><testcase classname="tests.unit.test_wallet_domain.TestFreeze" name="test_freeze_closed_rejected" time="0.001" /><testcase classname="tests.unit.test_wallet_domain.TestUnfreeze" name="test_unfreeze_from_frozen" time="0.001" /><testcase classname="tests.unit.test_wallet_domain.TestUnfreeze" name="test_unfreeze_non_frozen_rejected" time="0.001" /><testcase classname="tests.unit.test_wallet_domain.TestClose" name="test_close_zero_balance" time="0.001" /><testcase classname="tests.unit.test_wallet_domain.TestClose" name="test_close_nonzero_balance_rejected" time="0.001" /><testcase classname="tests.unit.test_wallet_domain.TestLedgerEntry" name="test_nonzero_amount_required" time="0.001" /><testcase classname="tests.unit.test_wallet_domain.TestLedgerEntry" name="test_valid_entry" time="0.001" /><testcase classname="tests.unit.test_wallet_history.TestBalance" name="test_readable_balance" time="0.003" /><testcase classname="tests.unit.test_wallet_history.TestBalance" name="test_small_amount_keeps_two_decimals" time="0.002" /><testcase classname="tests.unit.test_wallet_history.TestBalance" name="test_zero_balance" time="0.003" /><testcase classname="tests.unit.test_wallet_history.TestBalance" name="test_no_wallet" time="0.002" /><testcase classname="tests.unit.test_wallet_history.TestReadableRows" name="test_credit_and_debit_signs" time="0.002" /><testcase classname="tests.unit.test_wallet_history.TestReadableRows" name="test_one_cent_never_rounds" time="0.002" /><testcase classname="tests.unit.test_wallet_history.TestReadableRows" name="test_reference_label_type_plus_id" time="0.003" /><testcase classname="tests.unit.test_wallet_history.TestReadableRows" name="test_reference_label_type_only" time="0.002" /><testcase classname="tests.unit.test_wallet_history.TestReadableRows" name="test_reference_falls_back_to_description" time="0.002" /><testcase classname="tests.unit.test_wallet_history.TestPagination" name="test_pages_of_20_newest_first" time="0.004" /><testcase classname="tests.unit.test_wallet_history.TestPagination" name="test_empty_ledger_is_an_empty_page" time="0.003" /><testcase classname="tests.unit.test_wallet_history.TestPagination" name="test_no_wallet_is_an_empty_page_not_an_error" time="0.002" /><testcase classname="tests.unit.test_wallet_history.TestPagination" name="test_invalid_pagination_rejected[kwargs0]" time="0.002" /><testcase classname="tests.unit.test_wallet_history.TestPagination" name="test_invalid_pagination_rejected[kwargs1]" time="0.002" /><testcase classname="tests.unit.test_wallet_history.TestPagination" name="test_invalid_pagination_rejected[kwargs2]" time="0.002" /><testcase classname="tests.unit.test_wallet_history.TestPagination" name="test_explicit_limit_respected" time="0.002" /><testcase classname="tests.unit.test_wallet_history.TestSqlPaged" name="test_count_then_page" time="0.006" /><testcase classname="tests.unit.test_wallet_history.TestSqlPaged" name="test_empty_result" time="0.030" /><testcase classname="tests.unit.test_wallet_ledger.TestDuplicateIdempotencyError" name="test_is_wallet_error" time="0.002" /><testcase classname="tests.unit.test_wallet_ledger.TestLedgerEntryConstruction" name="test_nonzero_amount_required" time="0.002" /><testcase classname="tests.unit.test_wallet_ledger.TestLedgerEntryConstruction" name="test_valid_entry" time="0.001" /><testcase classname="tests.unit.test_wallet_ledger.TestLedgerEntryConstruction" name="test_defaults_to_empty_strings" time="0.001" /><testcase classname="tests.unit.test_wallet_ledger.TestLedgerEntryConstruction" name="test_all_entry_types" time="0.001" /><testcase classname="tests.unit.test_wallet_ledger.TestDuplicateKeyPost" name="test_duplicate_raises_error" time="0.019" /><testcase classname="tests.unit.test_wallet_recharge.TestRechargeStart" name="test_creates_the_session_then_emits_created" time="0.006" /><testcase classname="tests.unit.test_wallet_recharge.TestRechargeStart" name="test_replayed_authority_reuses_the_session" time="0.002" /><testcase classname="tests.unit.test_wallet_recharge.TestRechargeStart" name="test_another_users_authority_is_refused" time="0.004" /><testcase classname="tests.unit.test_wallet_recharge.TestRechargeStart" name="test_gateway_without_an_authority_is_an_error" time="0.002" /><testcase classname="tests.unit.test_wallet_recharge.TestRechargeStart" name="test_empty_idempotency_key_is_refused" time="0.002" /><testcase classname="tests.unit.test_wallet_recharge.TestRechargeStart" name="test_structurally_invalid_idempotency_key_is_refused" time="0.003" /><testcase classname="tests.unit.test_wallet_recharge.TestRechargeGuards" name="test_amount_must_be_a_positive_integer" time="0.020" /><testcase classname="tests.unit.test_wallet_recharge.TestRechargeGuards" name="test_unsupported_currency_is_refused_before_the_gateway_call" time="0.002" /><testcase classname="tests.unit.test_wallet_recharge.TestRechargeGuards" name="test_unsaved_user_is_refused" time="0.002" /><testcase classname="tests.unit.test_wallet_recharge.TestRechargeGuards" name="test_disabled_gateway_reports_itself" time="0.002" /><testcase classname="tests.unit.test_wallet_recharge.TestTelegramChannel" name="test_send_targets_the_configured_chat" time="0.004" /><testcase classname="tests.unit.test_wallet_recharge.TestTelegramChannel" name="test_failure_propagates_so_the_outbox_retries" time="0.002" /><testcase classname="tests.unit.test_wallet_recharge.TestTelegramChannel" name="test_a_chat_id_is_required" time="0.001" /><testcase classname="tests.unit.test_wallet_recharge.TestRechargeScreens" name="test_presets_scale_with_the_currency" time="0.001" /><testcase classname="tests.unit.test_wallet_recharge.TestRechargeScreens" name="test_amount_screen_lists_preset_amounts" time="0.003" /><testcase classname="tests.unit.test_wallet_recharge.TestRechargeScreens" name="test_start_screen_creates_the_session_and_offers_the_gateway" time="0.004" /><testcase classname="tests.unit.test_wallet_recharge.TestRechargeScreens" name="test_repeated_tap_replays_the_same_idempotency_key" time="0.005" /><testcase classname="tests.unit.test_wallet_recharge.TestRechargeScreens" name="test_unsupported_currency_points_at_support" time="0.003" /><testcase classname="tests.unit.test_wallet_recharge.TestRechargeScreens" name="test_invalid_amount_is_reported" time="0.003" /><testcase classname="tests.unit.test_wallet_recharge.TestRechargeScreens" name="test_service_errors_are_rendered_not_raised" time="0.023" /><testcase classname="tests.unit.test_wallet_recharge.TestRechargeScreens" name="test_disabled_recharge_keeps_the_wallet_screen_usable" time="0.005" /><testcase classname="tests.unit.test_wallet_recharge.TestRechargeScreens" name="test_recharge_callback_dispatch" time="0.003" /><testcase classname="tests.unit.test_wallet_recharge.TestRechargeScreens" name="test_unknown_recharge_screen_falls_back_to_the_menu" time="0.002" /><testcase classname="tests.unit.test_wallet_recharge.TestRechargeServiceAgainstTheRealGatewayShape" name="test_zarinpal_declares_its_supported_currency" time="0.018" /><testcase classname="tests.unit.test_wallet_recharge.TestRechargeServiceAgainstTheRealGatewayShape" name="test_tetraminator_declares_irt" time="0.020" /><testcase classname="tests.unit.test_wallet_recharge.TestRechargeServiceAgainstTheRealGatewayShape" name="test_a_matching_currency_is_accepted" time="0.001" /><testcase classname="tests.unit.test_wallet_recharge.TestRechargeServiceAgainstTheRealGatewayShape" name="test_timestamps_are_utc_aware" time="0.001" /><testcase classname="tests.unit.test_wallet_recharge.TestMultiGatewaySelection" name="test_single_gateway_auto_selected" time="0.001" /><testcase classname="tests.unit.test_wallet_recharge.TestMultiGatewaySelection" name="test_explicit_key_selects_among_several" time="0.001" /><testcase classname="tests.unit.test_wallet_recharge.TestMultiGatewaySelection" name="test_ambiguous_selection_requires_explicit_key" time="0.001" /><testcase classname="tests.unit.test_wallet_recharge.TestMultiGatewaySelection" name="test_unknown_key_refused" time="0.001" /><testcase classname="tests.unit.test_wallet_recharge.TestMultiGatewaySelection" name="test_minimum_excludes_gateway_from_compatible_list" time="0.001" /><testcase classname="tests.unit.test_wallet_recharge.TestPersistFirstTetraminatorFlow" name="test_creates_intent_first_with_callback_reference" time="0.003" /><testcase classname="tests.unit.test_wallet_recharge.TestPersistFirstTetraminatorFlow" name="test_replay_reuses_bound_session_without_new_post" time="0.003" /><testcase classname="tests.unit.test_wallet_recharge.TestPersistFirstTetraminatorFlow" name="test_below_minimum_refused_before_gateway_call" time="0.003" /><testcase classname="tests.unit.test_wallet_recharge.TestPersistFirstTetraminatorFlow" name="test_wrong_currency_refused" time="0.002" /><testcase classname="tests.unit.test_wallet_recharge.TestPersistFirstTetraminatorFlow" name="test_other_users_authority_refused" time="0.003" /><testcase classname="tests.unit.test_wallet_repository.TestGet" name="test_returns_none_when_absent" time="0.006" /><testcase classname="tests.unit.test_wallet_repository.TestGet" name="test_maps_row_to_aggregate" time="0.004" /><testcase classname="tests.unit.test_wallet_repository.TestGet" name="test_queries_by_user_id_not_pk" time="0.005" /><testcase classname="tests.unit.test_wallet_repository.TestGetOrCreate" name="test_returns_existing_when_found" time="0.004" /><testcase classname="tests.unit.test_wallet_repository.TestGetOrCreate" name="test_creates_when_missing" time="0.026" /><testcase classname="tests.unit.test_wallet_repository.TestDebit" name="test_debits_and_commits" time="0.009" /><testcase classname="tests.unit.test_wallet_repository.TestDebit" name="test_insufficient_balance_raises" time="0.004" /><testcase classname="tests.unit.test_wallet_repository.TestDebit" name="test_no_wallet_raises" time="0.003" /><testcase classname="tests.unit.test_wallet_repository.TestAddFunds" name="test_credits_and_commits" time="0.026" /><testcase classname="tests.unit.test_wallet_repository.TestAddFunds" name="test_negative_amount_rejected" time="0.003" /><testcase classname="tests.unit.test_wallet_repository.TestCreditDeposit" name="test_first_call_credits_balance_and_posts_ledger" time="0.007" /><testcase classname="tests.unit.test_wallet_repository.TestCreditDeposit" name="test_replayed_key_credits_nothing" time="0.017" /><testcase classname="tests.unit.test_wallet_repository.TestCreditDeposit" name="test_unique_constraint_race_rolls_back_both_writes" time="0.007" /><testcase classname="tests.unit.test_wallet_repository.TestCreditDeposit" name="test_other_integrity_errors_propagate" time="0.007" /><testcase classname="tests.unit.test_wallet_repository.TestCreditDeposit" name="test_non_positive_amount_rejected" time="0.004" /><testcase classname="tests.unit.test_wallet_repository.TestCreditDeposit" name="test_no_wallet_raises" time="0.026" /><testcase classname="tests.unit.test_wallet_repository.TestCreditDeposit" name="test_reference_falls_back_to_deposit_key" time="0.006" /><testcase classname="tests.unit.test_wallet_repository.TestCreditDeposit" name="test_returned_wallet_carries_owner_identity" time="0.005" /><testcase classname="tests.unit.test_web_panels.TestCustomerPanelM14004" name="test_anonymous_panel_redirects_to_login" time="0.071" /><testcase classname="tests.unit.test_web_panels.TestCustomerPanelM14004" name="test_login_form_renders" time="0.082" /><testcase classname="tests.unit.test_web_panels.TestCustomerPanelM14004" name="test_bad_token_renders_error_not_a_session" time="0.067" /><testcase classname="tests.unit.test_web_panels.TestCustomerPanelM14004" name="test_valid_token_starts_httponly_session" time="0.065" /><testcase classname="tests.unit.test_web_panels.TestCustomerPanelM14004" name="test_panel_lists_servers_and_wallet" time="0.063" /><testcase classname="tests.unit.test_web_panels.TestCustomerPanelM14004" name="test_revoked_token_kills_the_session_next_request" time="0.066" /><testcase classname="tests.unit.test_web_panels.TestCustomerPanelM14004" name="test_logout_clears_cookie" time="0.068" /><testcase classname="tests.unit.test_web_panels.TestAdminPanelM14005" name="test_anonymous_redirected_like_customer" time="0.070" /><testcase classname="tests.unit.test_web_panels.TestAdminPanelM14005" name="test_non_admin_redirected_identically" time="0.072" /><testcase classname="tests.unit.test_web_panels.TestAdminPanelM14005" name="test_admin_sees_all_dashboards" time="0.068" /><testcase classname="tests.unit.test_web_panels.TestAdminPanelM14005" name="test_search_filter_reaches_the_users_dashboard" time="0.069" /><testcase classname="tests.unit.test_webhook_endpoint.TestAuthentication" name="test_unknown_gateway_returns_404" time="0.022" /><testcase classname="tests.unit.test_webhook_endpoint.TestAuthentication" name="test_missing_signature_returns_401" time="0.019" /><testcase classname="tests.unit.test_webhook_endpoint.TestAuthentication" name="test_invalid_signature_returns_401" time="0.020" /><testcase classname="tests.unit.test_webhook_endpoint.TestAuthentication" name="test_signature_tamper_evident" time="0.019" /><testcase classname="tests.unit.test_webhook_endpoint.TestCallbackProcessing" name="test_first_callback_credits" time="0.022" /><testcase classname="tests.unit.test_webhook_endpoint.TestCallbackProcessing" name="test_replayed_callback_cannot_duplicate_deposit" time="0.027" /><testcase classname="tests.unit.test_webhook_endpoint.TestCallbackProcessing" name="test_invalid_json_returns_400" time="0.019" /><testcase classname="tests.unit.test_webhook_endpoint.TestCallbackProcessing" name="test_bad_user_id_returns_400" time="0.019" /><testcase classname="tests.unit.test_webhook_endpoint.TestCallbackProcessing" name="test_float_amount_returns_400" time="0.019" /><testcase classname="tests.unit.test_webhook_signature.TestSignVerify" name="test_roundtrip" time="0.001" /><testcase classname="tests.unit.test_webhook_signature.TestSignVerify" name="test_wrong_secret_fails" time="0.001" /><testcase classname="tests.unit.test_webhook_signature.TestSignVerify" name="test_tampered_body_fails" time="0.001" /><testcase classname="tests.unit.test_webhook_signature.TestSignVerify" name="test_case_insensitive_signature" time="0.001" /><testcase classname="tests.unit.test_webhook_signature.TestSignVerify" name="test_signature_with_whitespace_accepted" time="0.001" /><testcase classname="tests.unit.test_webhook_signature.TestFailureModes" name="test_empty_secret_fails" time="0.001" /><testcase classname="tests.unit.test_webhook_signature.TestFailureModes" name="test_empty_signature_fails" time="0.001" /><testcase classname="tests.unit.test_webhook_signature.TestFailureModes" name="test_non_ascii_signature_fails_without_error" time="0.001" /><testcase classname="tests.unit.test_webhook_signature.TestFailureModes" name="test_sign_requires_non_empty_secret" time="0.001" /><testcase classname="tests.unit.test_worker_cloud_jobs.TestProcessCloudCreates" name="test_no_intents_still_initializes_and_closes" time="0.008" /><testcase classname="tests.unit.test_worker_cloud_jobs.TestProcessCloudCreates" name="test_each_requested_server_is_processed_exactly_once" time="0.006" /><testcase classname="tests.unit.test_worker_cloud_jobs.TestProcessCloudCreates" name="test_one_failing_intent_does_not_stop_the_batch" time="0.005" /><testcase classname="tests.unit.test_worker_cloud_jobs.TestProcessCloudCreates" name="test_ambiguous_outcome_is_counted_not_retried" time="0.004" /><testcase classname="tests.unit.test_worker_cloud_jobs.TestProcessCloudCreates" name="test_container_is_closed_when_the_service_raises" time="0.010" /><testcase classname="tests.unit.test_worker_cloud_jobs.TestReconcileCloudCreates" name="test_no_stuck_servers_is_a_clean_pass" time="0.006" /><testcase classname="tests.unit.test_worker_cloud_jobs.TestReconcileCloudCreates" name="test_each_stuck_server_is_reconciled_once" time="0.005" /><testcase classname="tests.unit.test_worker_cloud_jobs.TestReconcileCloudCreates" name="test_a_failed_reconcile_is_isolated_to_its_server" time="0.005" /><testcase classname="tests.unit.test_worker_cloud_jobs.TestReconcileCloudCreates" name="test_needs_review_outcome_is_reported_without_mutation" time="0.004" /><testcase classname="tests.unit.test_worker_cloud_jobs.TestReconcileCloudCreates" name="test_container_is_closed_when_listing_raises" time="0.006" /><testcase classname="tests.unit.test_worker_cloud_jobs.TestCloudCronWiring" name="test_both_cloud_jobs_are_scheduled_and_run_at_startup" time="0.007" /><testcase classname="tests.unit.test_worker_cloud_jobs.TestCloudCronWiring" name="test_cloud_jobs_are_registered_functions" time="0.001" /><testcase classname="tests.unit.test_worker_cloud_jobs.TestCloudCronWiring" name="test_cloud_jobs_are_not_in_the_passive_provisioning_queue" time="0.001" /><testcase classname="tests.unit.test_worker_queues_sharding.TestQueuePartitioning" name="test_queues_are_isolated" time="0.001" /><testcase classname="tests.unit.test_worker_queues_sharding.TestShardedAllocator" name="test_picks_least_loaded_shard" time="0.002" /><testcase classname="tests.unit.test_worker_queues_sharding.TestShardedAllocator" name="test_region_filter" time="0.002" /><testcase classname="tests.unit.test_worker_queues_sharding.TestShardedAllocator" name="test_excluded_and_full_skipped" time="0.003" /><testcase classname="tests.unit.test_worker_queues_sharding.TestShardedAllocator" name="test_full_shard_rejected_at_construction" time="0.001" /><testcase classname="tests.unit.test_zarinpal_gateway.TestCapabilities" name="test_advertises_create_and_verify_only" time="0.013" /><testcase classname="tests.unit.test_zarinpal_gateway.TestCapabilities" name="test_refund_is_unsupported" time="0.015" /><testcase classname="tests.unit.test_zarinpal_gateway.TestCreatePayment" name="test_create_returns_pending_intent_with_startpay_url" time="0.018" /><testcase classname="tests.unit.test_zarinpal_gateway.TestCreatePayment" name="test_sandbox_startpay_url" time="0.015" /><testcase classname="tests.unit.test_zarinpal_gateway.TestCreatePayment" name="test_non_irr_rejected" time="0.046" /><testcase classname="tests.unit.test_zarinpal_gateway.TestCreatePayment" name="test_failed_code_raises_without_leaking_merchant" time="0.018" /><testcase classname="tests.unit.test_zarinpal_gateway.TestCreatePayment" name="test_401_maps_to_auth_error" time="0.016" /><testcase classname="tests.unit.test_zarinpal_gateway.TestVerify" name="test_verify_with_amount_success" time="0.019" /><testcase classname="tests.unit.test_zarinpal_gateway.TestVerify" name="test_verify_failed_authority" time="0.058" /></testsuite></testsuites>